<?xml version="1.0" encoding="utf-8"?>
<CoverageSession xmlns:xsd="http://www.w3.org/2001/XMLSchema" xmlns:xsi="http://www.w3.org/2001/XMLSchema-instance">
  <Summary numSequencePoints="1440" visitedSequencePoints="931" numBranchPoints="366" visitedBranchPoints="124" sequenceCoverage="64.65" branchCoverage="33.88" maxCyclomaticComplexity="8" minCyclomaticComplexity="1" visitedClasses="14" numClasses="33" visitedMethods="84" numMethods="214" />
  <Modules>
    <Module skippedDueTo="Filter" hash="E9-A8-6A-CC-31-FF-25-91-E6-86-F2-D5-72-EE-77-7D-AB-36-F0-0B">
      <FullName>C:\Windows\Microsoft.Net\assembly\GAC_32\mscorlib\v4.0_4.0.0.0__b77a5c561934e089\mscorlib.dll</FullName>
      <ModuleName>mscorlib</ModuleName>
      <Classes />
    </Module>
    <Module skippedDueTo="MissingPdb" hash="51-57-32-32-3A-99-BE-2D-0F-55-8E-53-39-A1-87-44-A4-8F-7F-96">
      <FullName>C:\Program Files (x86)\Microsoft Visual Studio 12.0\Common7\IDE\MSTest.exe</FullName>
      <ModuleName>MSTest</ModuleName>
      <Classes />
    </Module>
    <Module skippedDueTo="MissingPdb" hash="10-BE-EA-30-C3-00-88-66-22-63-D4-22-A3-D9-F5-78-73-56-91-07">
      <FullName>C:\Windows\assembly\GAC_MSIL\Microsoft.VisualStudio.QualityTools.Common\12.0.0.0__b03f5f7f11d50a3a\Microsoft.VisualStudio.QualityTools.Common.dll</FullName>
      <ModuleName>Microsoft.VisualStudio.QualityTools.Common</ModuleName>
      <Classes />
    </Module>
    <Module skippedDueTo="Filter" hash="38-4A-D4-CE-0C-44-E3-14-2E-0C-38-16-21-36-08-FC-9E-19-4A-F0">
      <FullName>C:\Windows\Microsoft.Net\assembly\GAC_MSIL\System\v4.0_4.0.0.0__b77a5c561934e089\System.dll</FullName>
      <ModuleName>System</ModuleName>
      <Classes />
    </Module>
    <Module skippedDueTo="MissingPdb" hash="6C-F3-21-D3-55-B9-65-8F-79-5C-94-83-2B-55-5B-61-F1-44-E2-3D">
      <FullName>C:\Windows\assembly\GAC_MSIL\Microsoft.VisualStudio.QualityTools.ExecutionCommon\12.0.0.0__b03f5f7f11d50a3a\Microsoft.VisualStudio.QualityTools.ExecutionCommon.dll</FullName>
      <ModuleName>Microsoft.VisualStudio.QualityTools.ExecutionCommon</ModuleName>
      <Classes />
    </Module>
    <Module skippedDueTo="MissingPdb" hash="14-3D-05-8D-99-D4-2A-75-D3-21-57-04-93-CD-3F-7B-76-07-28-5E">
      <FullName>C:\Windows\assembly\GAC_MSIL\Microsoft.VisualStudio.QualityTools.Resource\12.0.0.0__b03f5f7f11d50a3a\Microsoft.VisualStudio.QualityTools.Resource.dll</FullName>
      <ModuleName>Microsoft.VisualStudio.QualityTools.Resource</ModuleName>
      <Classes />
    </Module>
    <Module skippedDueTo="Filter" hash="8F-6E-E8-4F-40-6A-75-31-1B-08-C2-22-D5-EA-FE-23-3B-7B-82-15">
      <FullName>C:\Windows\Microsoft.Net\assembly\GAC_MSIL\System.Configuration\v4.0_4.0.0.0__b03f5f7f11d50a3a\System.Configuration.dll</FullName>
      <ModuleName>System.Configuration</ModuleName>
      <Classes />
    </Module>
    <Module skippedDueTo="Filter" hash="36-6D-BE-CC-C6-8D-5C-6B-D8-CE-E3-42-E9-1D-D1-3D-6E-FD-D9-5C">
      <FullName>C:\Windows\Microsoft.Net\assembly\GAC_MSIL\System.Xml\v4.0_4.0.0.0__b77a5c561934e089\System.Xml.dll</FullName>
      <ModuleName>System.Xml</ModuleName>
      <Classes />
    </Module>
    <Module skippedDueTo="MissingPdb" hash="25-DB-39-AF-D2-EF-C6-D7-46-FB-43-4E-6D-00-CA-60-D2-BC-73-4C">
      <FullName>C:\Windows\Microsoft.Net\assembly\GAC_MSIL\Microsoft.VisualStudio.QualityTools.CommandLine\v4.0_12.0.0.0__b03f5f7f11d50a3a\Microsoft.VisualStudio.QualityTools.CommandLine.dll</FullName>
      <ModuleName>Microsoft.VisualStudio.QualityTools.CommandLine</ModuleName>
      <Classes />
    </Module>
    <Module skippedDueTo="MissingPdb" hash="47-B9-B9-D0-CE-08-BD-2E-D8-CD-8B-08-60-27-F1-A1-4B-22-F1-06">
      <FullName>C:\Windows\assembly\GAC_MSIL\Microsoft.VisualStudio.QualityTools.TMI\12.0.0.0__b03f5f7f11d50a3a\Microsoft.VisualStudio.QualityTools.TMI.dll</FullName>
      <ModuleName>Microsoft.VisualStudio.QualityTools.TMI</ModuleName>
      <Classes />
    </Module>
    <Module skippedDueTo="Filter" hash="83-92-A6-61-AB-24-2D-60-6E-B3-F0-4C-6A-F3-38-AF-4E-6E-B8-30">
      <FullName>C:\Windows\Microsoft.Net\assembly\GAC_32\System.Data\v4.0_4.0.0.0__b77a5c561934e089\System.Data.dll</FullName>
      <ModuleName>System.Data</ModuleName>
      <Classes />
    </Module>
    <Module skippedDueTo="Filter" hash="5F-95-A9-21-AF-EF-CF-27-26-37-79-95-73-81-7A-A3-5F-E6-5D-E7">
      <FullName>C:\Windows\Microsoft.Net\assembly\GAC_MSIL\System.Numerics\v4.0_4.0.0.0__b77a5c561934e089\System.Numerics.dll</FullName>
      <ModuleName>System.Numerics</ModuleName>
      <Classes />
    </Module>
    <Module skippedDueTo="Filter" hash="58-B6-66-AA-65-AF-CD-BB-16-83-E4-24-73-BE-5A-3A-4D-0E-85-E6">
      <FullName>C:\Windows\Microsoft.Net\assembly\GAC_32\System.Web\v4.0_4.0.0.0__b03f5f7f11d50a3a\System.Web.dll</FullName>
      <ModuleName>System.Web</ModuleName>
      <Classes />
    </Module>
    <Module skippedDueTo="Filter" hash="F0-AC-29-46-F9-CE-FF-96-AE-EE-4F-C0-DE-9E-59-D3-7E-1B-ED-08">
      <FullName>C:\Windows\Microsoft.Net\assembly\GAC_MSIL\System.Core\v4.0_4.0.0.0__b77a5c561934e089\System.Core.dll</FullName>
      <ModuleName>System.Core</ModuleName>
      <Classes />
    </Module>
    <Module skippedDueTo="MissingPdb" hash="B8-BD-0B-9C-FE-40-35-92-D1-0C-F8-1C-06-DF-75-D9-6D-4E-B5-9F">
      <FullName>C:\Windows\assembly\GAC_MSIL\Microsoft.VisualStudio.QualityTools.Tips.UnitTest.Tip\12.0.0.0__b03f5f7f11d50a3a\Microsoft.VisualStudio.QualityTools.Tips.UnitTest.Tip.dll</FullName>
      <ModuleName>Microsoft.VisualStudio.QualityTools.Tips.UnitTest.Tip</ModuleName>
      <Classes />
    </Module>
    <Module skippedDueTo="MissingPdb" hash="80-91-7B-77-89-19-B3-0A-B9-FD-35-76-4A-23-60-1A-8D-35-58-07">
      <FullName>C:\Windows\assembly\GAC_MSIL\Microsoft.VisualStudio.QualityTools.Tips.UnitTest.ObjectModel\12.0.0.0__b03f5f7f11d50a3a\Microsoft.VisualStudio.QualityTools.Tips.UnitTest.ObjectModel.dll</FullName>
      <ModuleName>Microsoft.VisualStudio.QualityTools.Tips.UnitTest.ObjectModel</ModuleName>
      <Classes />
    </Module>
    <Module skippedDueTo="MissingPdb" hash="B6-BE-C7-09-6A-69-79-02-C4-B3-2E-2E-B9-3D-72-09-BB-84-01-6E">
      <FullName>C:\Windows\assembly\GAC_MSIL\Microsoft.VisualStudio.QualityTools.UnitTestFramework\10.0.0.0__b03f5f7f11d50a3a\Microsoft.VisualStudio.QualityTools.UnitTestFramework.dll</FullName>
      <ModuleName>Microsoft.VisualStudio.QualityTools.UnitTestFramework</ModuleName>
      <Classes />
    </Module>
    <Module skippedDueTo="MissingPdb" hash="91-A7-F9-01-20-FA-B7-30-6F-8D-00-4C-1E-EC-D4-8D-65-53-89-BC">
      <FullName>C:\Windows\assembly\GAC_MSIL\Microsoft.VisualStudio.QualityTools.Tips.UnitTest.AssemblyResolver\12.0.0.0__b03f5f7f11d50a3a\Microsoft.VisualStudio.QualityTools.Tips.UnitTest.AssemblyResolver.dll</FullName>
      <ModuleName>Microsoft.VisualStudio.QualityTools.Tips.UnitTest.AssemblyResolver</ModuleName>
      <Classes />
    </Module>
    <Module hash="A2-E3-B6-C7-0F-F7-4D-E1-F2-C7-57-75-04-75-BE-16-C9-52-36-38">
      <Summary numSequencePoints="634" visitedSequencePoints="634" numBranchPoints="37" visitedBranchPoints="37" sequenceCoverage="100" branchCoverage="100" maxCyclomaticComplexity="1" minCyclomaticComplexity="1" visitedClasses="6" numClasses="6" visitedMethods="37" numMethods="37" />
      <FullName>C:\Users\kerwin.lathar\Documents\dotnet\MediaShopProject\MediaShopLiabryTest\bin\Debug\MediaShopLiabryTest.dll</FullName>
      <ModuleName>MediaShopLiabryTest</ModuleName>
      <Files>
        <File uid="1" fullPath="c:\Users\kerwin.lathar\Documents\dotnet\MediaShopProject\MediaShopLiabryTest\BookModelViewTest.cs" />
        <File uid="2" fullPath="c:\Users\kerwin.lathar\Documents\dotnet\MediaShopProject\MediaShopLiabryTest\CustomerControllerTest.cs" />
        <File uid="3" fullPath="c:\Users\kerwin.lathar\Documents\dotnet\MediaShopProject\MediaShopLiabryTest\CustomerViewModelTests.cs" />
        <File uid="4" fullPath="c:\Users\kerwin.lathar\Documents\dotnet\MediaShopProject\MediaShopLiabryTest\DVDViewModelTest.cs" />
        <File uid="5" fullPath="c:\Users\kerwin.lathar\Documents\dotnet\MediaShopProject\MediaShopLiabryTest\ItemControllerTests.cs" />
        <File uid="6" fullPath="c:\Users\kerwin.lathar\Documents\dotnet\MediaShopProject\MediaShopLiabryTest\QuantityControlerTests.cs" />
      </Files>
      <Classes>
        <Class>
          <Summary numSequencePoints="0" visitedSequencePoints="0" numBranchPoints="0" visitedBranchPoints="0" sequenceCoverage="0" branchCoverage="0" maxCyclomaticComplexity="0" minCyclomaticComplexity="0" visitedClasses="0" numClasses="0" visitedMethods="0" numMethods="0" />
          <FullName>&lt;Module&gt;</FullName>
          <Methods />
        </Class>
        <Class>
          <Summary numSequencePoints="54" visitedSequencePoints="54" numBranchPoints="3" visitedBranchPoints="3" sequenceCoverage="100" branchCoverage="100" maxCyclomaticComplexity="1" minCyclomaticComplexity="1" visitedClasses="1" numClasses="1" visitedMethods="3" numMethods="3" />
          <FullName>MediaShopLiabryTest.BookModelViewTest</FullName>
          <Methods>
            <Method visited="true" cyclomaticComplexity="1" sequenceCoverage="100" branchCoverage="100" isConstructor="false" isStatic="false" isGetter="false" isSetter="false">
              <Summary numSequencePoints="19" visitedSequencePoints="19" numBranchPoints="1" visitedBranchPoints="1" sequenceCoverage="100" branchCoverage="100" maxCyclomaticComplexity="1" minCyclomaticComplexity="1" visitedClasses="0" numClasses="0" visitedMethods="1" numMethods="1" />
              <MetadataToken>100663297</MetadataToken>
              <Name>System.Void MediaShopLiabryTest.BookModelViewTest::Test_AddBookMethod_AddMethodIsCalled()</Name>
              <FileRef uid="1" />
              <SequencePoints>
                <SequencePoint vc="1" uspid="1" ordinal="0" offset="0" sl="17" sc="9" el="17" ec="10" bec="0" bev="0" fileid="1" />
                <SequencePoint vc="1" uspid="2" ordinal="1" offset="1" sl="19" sc="13" el="21" ec="29" bec="0" bev="0" fileid="1" />
                <SequencePoint vc="1" uspid="3" ordinal="2" offset="42" sl="23" sc="13" el="23" ec="55" bec="0" bev="0" fileid="1" />
                <SequencePoint vc="1" uspid="4" ordinal="3" offset="48" sl="25" sc="13" el="25" ec="76" bec="0" bev="0" fileid="1" />
                <SequencePoint vc="1" uspid="5" ordinal="4" offset="131" sl="26" sc="13" el="26" ec="80" bec="0" bev="0" fileid="1" />
                <SequencePoint vc="1" uspid="6" ordinal="5" offset="214" sl="27" sc="13" el="27" ec="82" bec="0" bev="0" fileid="1" />
                <SequencePoint vc="1" uspid="7" ordinal="6" offset="297" sl="28" sc="13" el="28" ec="90" bec="0" bev="0" fileid="1" />
                <SequencePoint vc="1" uspid="8" ordinal="7" offset="391" sl="30" sc="13" el="30" ec="62" bec="0" bev="0" fileid="1" />
                <SequencePoint vc="1" uspid="9" ordinal="8" offset="397" sl="31" sc="13" el="31" ec="46" bec="0" bev="0" fileid="1" />
                <SequencePoint vc="1" uspid="10" ordinal="9" offset="404" sl="32" sc="13" el="32" ec="57" bec="0" bev="0" fileid="1" />
                <SequencePoint vc="1" uspid="11" ordinal="10" offset="422" sl="33" sc="13" el="33" ec="80" bec="0" bev="0" fileid="1" />
                <SequencePoint vc="1" uspid="12" ordinal="11" offset="448" sl="34" sc="13" el="34" ec="76" bec="0" bev="0" fileid="1" />
                <SequencePoint vc="1" uspid="13" ordinal="12" offset="461" sl="35" sc="13" el="35" ec="35" bec="0" bev="0" fileid="1" />
                <SequencePoint vc="1" uspid="14" ordinal="13" offset="470" sl="36" sc="13" el="36" ec="43" bec="0" bev="0" fileid="1" />
                <SequencePoint vc="1" uspid="15" ordinal="14" offset="483" sl="37" sc="13" el="37" ec="39" bec="0" bev="0" fileid="1" />
                <SequencePoint vc="1" uspid="16" ordinal="15" offset="497" sl="38" sc="13" el="38" ec="44" bec="0" bev="0" fileid="1" />
                <SequencePoint vc="1" uspid="17" ordinal="16" offset="510" sl="41" sc="13" el="41" ec="34" bec="0" bev="0" fileid="1" />
                <SequencePoint vc="1" uspid="18" ordinal="17" offset="518" sl="44" sc="13" el="44" ec="73" bec="0" bev="0" fileid="1" />
                <SequencePoint vc="1" uspid="19" ordinal="18" offset="648" sl="45" sc="9" el="45" ec="10" bec="0" bev="0" fileid="1" />
              </SequencePoints>
              <BranchPoints />
              <MethodPoint xsi:type="SequencePoint" vc="1" uspid="1" ordinal="0" offset="0" sl="17" sc="9" el="17" ec="10" bec="0" bev="0" fileid="1" />
            </Method>
            <Method visited="true" cyclomaticComplexity="1" sequenceCoverage="100" branchCoverage="100" isConstructor="false" isStatic="false" isGetter="false" isSetter="false">
              <Summary numSequencePoints="16" visitedSequencePoints="16" numBranchPoints="1" visitedBranchPoints="1" sequenceCoverage="100" branchCoverage="100" maxCyclomaticComplexity="1" minCyclomaticComplexity="1" visitedClasses="0" numClasses="0" visitedMethods="1" numMethods="1" />
              <MetadataToken>100663298</MetadataToken>
              <Name>System.Void MediaShopLiabryTest.BookModelViewTest::Test_RemoveBookMethod_RemoveMethodIsCalled()</Name>
              <FileRef uid="1" />
              <SequencePoints>
                <SequencePoint vc="1" uspid="20" ordinal="0" offset="0" sl="49" sc="9" el="49" ec="10" bec="0" bev="0" fileid="1" />
                <SequencePoint vc="1" uspid="21" ordinal="1" offset="1" sl="50" sc="13" el="52" ec="29" bec="0" bev="0" fileid="1" />
                <SequencePoint vc="1" uspid="22" ordinal="2" offset="42" sl="54" sc="13" el="54" ec="55" bec="0" bev="0" fileid="1" />
                <SequencePoint vc="1" uspid="23" ordinal="3" offset="48" sl="56" sc="13" el="56" ec="76" bec="0" bev="0" fileid="1" />
                <SequencePoint vc="1" uspid="24" ordinal="4" offset="131" sl="57" sc="13" el="57" ec="80" bec="0" bev="0" fileid="1" />
                <SequencePoint vc="1" uspid="25" ordinal="5" offset="214" sl="58" sc="13" el="58" ec="82" bec="0" bev="0" fileid="1" />
                <SequencePoint vc="1" uspid="26" ordinal="6" offset="297" sl="59" sc="13" el="59" ec="90" bec="0" bev="0" fileid="1" />
                <SequencePoint vc="1" uspid="27" ordinal="7" offset="391" sl="61" sc="13" el="61" ec="62" bec="0" bev="0" fileid="1" />
                <SequencePoint vc="1" uspid="28" ordinal="8" offset="397" sl="62" sc="13" el="62" ec="46" bec="0" bev="0" fileid="1" />
                <SequencePoint vc="1" uspid="29" ordinal="9" offset="404" sl="63" sc="13" el="63" ec="57" bec="0" bev="0" fileid="1" />
                <SequencePoint vc="1" uspid="30" ordinal="10" offset="422" sl="64" sc="13" el="64" ec="80" bec="0" bev="0" fileid="1" />
                <SequencePoint vc="1" uspid="31" ordinal="11" offset="448" sl="65" sc="13" el="65" ec="76" bec="0" bev="0" fileid="1" />
                <SequencePoint vc="1" uspid="32" ordinal="12" offset="461" sl="66" sc="13" el="66" ec="35" bec="0" bev="0" fileid="1" />
                <SequencePoint vc="1" uspid="33" ordinal="13" offset="470" sl="69" sc="13" el="69" ec="37" bec="0" bev="0" fileid="1" />
                <SequencePoint vc="1" uspid="34" ordinal="14" offset="478" sl="72" sc="13" el="72" ec="76" bec="0" bev="0" fileid="1" />
                <SequencePoint vc="1" uspid="35" ordinal="15" offset="608" sl="73" sc="9" el="73" ec="10" bec="0" bev="0" fileid="1" />
              </SequencePoints>
              <BranchPoints />
              <MethodPoint xsi:type="SequencePoint" vc="1" uspid="20" ordinal="0" offset="0" sl="49" sc="9" el="49" ec="10" bec="0" bev="0" fileid="1" />
            </Method>
            <Method visited="true" cyclomaticComplexity="1" sequenceCoverage="100" branchCoverage="100" isConstructor="false" isStatic="false" isGetter="false" isSetter="false">
              <Summary numSequencePoints="19" visitedSequencePoints="19" numBranchPoints="1" visitedBranchPoints="1" sequenceCoverage="100" branchCoverage="100" maxCyclomaticComplexity="1" minCyclomaticComplexity="1" visitedClasses="0" numClasses="0" visitedMethods="1" numMethods="1" />
              <MetadataToken>100663299</MetadataToken>
              <Name>System.Void MediaShopLiabryTest.BookModelViewTest::Test_UpdateDvDMethod_RemoveMethodIsCalled()</Name>
              <FileRef uid="1" />
              <SequencePoints>
                <SequencePoint vc="1" uspid="36" ordinal="0" offset="0" sl="77" sc="9" el="77" ec="10" bec="0" bev="0" fileid="1" />
                <SequencePoint vc="1" uspid="37" ordinal="1" offset="1" sl="79" sc="13" el="81" ec="29" bec="0" bev="0" fileid="1" />
                <SequencePoint vc="1" uspid="38" ordinal="2" offset="42" sl="83" sc="13" el="83" ec="55" bec="0" bev="0" fileid="1" />
                <SequencePoint vc="1" uspid="39" ordinal="3" offset="48" sl="85" sc="13" el="85" ec="76" bec="0" bev="0" fileid="1" />
                <SequencePoint vc="1" uspid="40" ordinal="4" offset="131" sl="86" sc="13" el="86" ec="80" bec="0" bev="0" fileid="1" />
                <SequencePoint vc="1" uspid="41" ordinal="5" offset="214" sl="87" sc="13" el="87" ec="82" bec="0" bev="0" fileid="1" />
                <SequencePoint vc="1" uspid="42" ordinal="6" offset="297" sl="88" sc="13" el="88" ec="90" bec="0" bev="0" fileid="1" />
                <SequencePoint vc="1" uspid="43" ordinal="7" offset="391" sl="90" sc="13" el="90" ec="62" bec="0" bev="0" fileid="1" />
                <SequencePoint vc="1" uspid="44" ordinal="8" offset="397" sl="91" sc="13" el="91" ec="46" bec="0" bev="0" fileid="1" />
                <SequencePoint vc="1" uspid="45" ordinal="9" offset="404" sl="92" sc="13" el="92" ec="57" bec="0" bev="0" fileid="1" />
                <SequencePoint vc="1" uspid="46" ordinal="10" offset="422" sl="93" sc="13" el="93" ec="80" bec="0" bev="0" fileid="1" />
                <SequencePoint vc="1" uspid="47" ordinal="11" offset="448" sl="94" sc="13" el="94" ec="76" bec="0" bev="0" fileid="1" />
                <SequencePoint vc="1" uspid="48" ordinal="12" offset="461" sl="95" sc="13" el="95" ec="35" bec="0" bev="0" fileid="1" />
                <SequencePoint vc="1" uspid="49" ordinal="13" offset="470" sl="97" sc="13" el="97" ec="43" bec="0" bev="0" fileid="1" />
                <SequencePoint vc="1" uspid="50" ordinal="14" offset="483" sl="98" sc="13" el="98" ec="35" bec="0" bev="0" fileid="1" />
                <SequencePoint vc="1" uspid="51" ordinal="15" offset="490" sl="101" sc="13" el="101" ec="37" bec="0" bev="0" fileid="1" />
                <SequencePoint vc="1" uspid="52" ordinal="16" offset="498" sl="102" sc="13" el="102" ec="83" bec="0" bev="0" fileid="1" />
                <SequencePoint vc="1" uspid="53" ordinal="17" offset="612" sl="105" sc="13" el="105" ec="55" bec="0" bev="0" fileid="1" />
                <SequencePoint vc="1" uspid="54" ordinal="18" offset="627" sl="106" sc="9" el="106" ec="10" bec="0" bev="0" fileid="1" />
              </SequencePoints>
              <BranchPoints />
              <MethodPoint xsi:type="SequencePoint" vc="1" uspid="36" ordinal="0" offset="0" sl="77" sc="9" el="77" ec="10" bec="0" bev="0" fileid="1" />
            </Method>
            <Method visited="true" cyclomaticComplexity="1" sequenceCoverage="0" branchCoverage="0" isConstructor="true" isStatic="false" isGetter="false" isSetter="false">
              <Summary numSequencePoints="0" visitedSequencePoints="0" numBranchPoints="0" visitedBranchPoints="0" sequenceCoverage="0" branchCoverage="0" maxCyclomaticComplexity="1" minCyclomaticComplexity="1" visitedClasses="0" numClasses="0" visitedMethods="0" numMethods="0" />
              <MetadataToken>100663300</MetadataToken>
              <Name>System.Void MediaShopLiabryTest.BookModelViewTest::.ctor()</Name>
              <SequencePoints />
              <BranchPoints />
              <MethodPoint vc="3" uspid="55" ordinal="0" offset="0" />
            </Method>
          </Methods>
        </Class>
        <Class>
          <Summary numSequencePoints="59" visitedSequencePoints="59" numBranchPoints="4" visitedBranchPoints="4" sequenceCoverage="100" branchCoverage="100" maxCyclomaticComplexity="1" minCyclomaticComplexity="1" visitedClasses="1" numClasses="1" visitedMethods="4" numMethods="4" />
          <FullName>MediaShopLiabryTest.CustomerControllerTest</FullName>
          <Methods>
            <Method visited="true" cyclomaticComplexity="1" sequenceCoverage="100" branchCoverage="100" isConstructor="false" isStatic="false" isGetter="false" isSetter="false">
              <Summary numSequencePoints="15" visitedSequencePoints="15" numBranchPoints="1" visitedBranchPoints="1" sequenceCoverage="100" branchCoverage="100" maxCyclomaticComplexity="1" minCyclomaticComplexity="1" visitedClasses="0" numClasses="0" visitedMethods="1" numMethods="1" />
              <MetadataToken>100663301</MetadataToken>
              <Name>System.Void MediaShopLiabryTest.CustomerControllerTest::Test_GetAllCustomer_Return3Customers_WhenThereAre3InDatabase()</Name>
              <FileRef uid="2" />
              <SequencePoints>
                <SequencePoint vc="1" uspid="56" ordinal="0" offset="0" sl="16" sc="9" el="16" ec="10" bec="0" bev="0" fileid="2" />
                <SequencePoint vc="1" uspid="57" ordinal="1" offset="1" sl="18" sc="13" el="18" ec="30" bec="0" bev="0" fileid="2" />
                <SequencePoint vc="1" uspid="58" ordinal="2" offset="3" sl="19" sc="13" el="24" ec="29" bec="0" bev="0" fileid="2" />
                <SequencePoint vc="1" uspid="59" ordinal="3" offset="96" sl="26" sc="13" el="26" ec="58" bec="0" bev="0" fileid="2" />
                <SequencePoint vc="1" uspid="60" ordinal="4" offset="102" sl="28" sc="13" el="28" ec="76" bec="0" bev="0" fileid="2" />
                <SequencePoint vc="1" uspid="61" ordinal="5" offset="185" sl="29" sc="13" el="29" ec="80" bec="0" bev="0" fileid="2" />
                <SequencePoint vc="1" uspid="62" ordinal="6" offset="268" sl="30" sc="13" el="30" ec="82" bec="0" bev="0" fileid="2" />
                <SequencePoint vc="1" uspid="63" ordinal="7" offset="351" sl="31" sc="13" el="31" ec="90" bec="0" bev="0" fileid="2" />
                <SequencePoint vc="1" uspid="64" ordinal="8" offset="445" sl="33" sc="13" el="33" ec="62" bec="0" bev="0" fileid="2" />
                <SequencePoint vc="1" uspid="65" ordinal="9" offset="451" sl="34" sc="13" el="34" ec="46" bec="0" bev="0" fileid="2" />
                <SequencePoint vc="1" uspid="66" ordinal="10" offset="458" sl="35" sc="13" el="35" ec="61" bec="0" bev="0" fileid="2" />
                <SequencePoint vc="1" uspid="67" ordinal="11" offset="476" sl="37" sc="13" el="37" ec="77" bec="0" bev="0" fileid="2" />
                <SequencePoint vc="1" uspid="68" ordinal="12" offset="489" sl="41" sc="13" el="41" ec="65" bec="0" bev="0" fileid="2" />
                <SequencePoint vc="1" uspid="69" ordinal="13" offset="503" sl="44" sc="13" el="44" ec="47" bec="0" bev="0" fileid="2" />
                <SequencePoint vc="1" uspid="70" ordinal="14" offset="512" sl="45" sc="9" el="45" ec="10" bec="0" bev="0" fileid="2" />
              </SequencePoints>
              <BranchPoints />
              <MethodPoint xsi:type="SequencePoint" vc="1" uspid="56" ordinal="0" offset="0" sl="16" sc="9" el="16" ec="10" bec="0" bev="0" fileid="2" />
            </Method>
            <Method visited="true" cyclomaticComplexity="1" sequenceCoverage="100" branchCoverage="100" isConstructor="false" isStatic="false" isGetter="false" isSetter="false">
              <Summary numSequencePoints="11" visitedSequencePoints="11" numBranchPoints="1" visitedBranchPoints="1" sequenceCoverage="100" branchCoverage="100" maxCyclomaticComplexity="1" minCyclomaticComplexity="1" visitedClasses="0" numClasses="0" visitedMethods="1" numMethods="1" />
              <MetadataToken>100663302</MetadataToken>
              <Name>System.Void MediaShopLiabryTest.CustomerControllerTest::Test_AddCustomer_ACustomerIsAddedToTheList_BothAddAndSaveAreCalled()</Name>
              <FileRef uid="2" />
              <SequencePoints>
                <SequencePoint vc="1" uspid="71" ordinal="0" offset="0" sl="49" sc="9" el="49" ec="10" bec="0" bev="0" fileid="2" />
                <SequencePoint vc="1" uspid="72" ordinal="1" offset="1" sl="51" sc="13" el="51" ec="58" bec="0" bev="0" fileid="2" />
                <SequencePoint vc="1" uspid="73" ordinal="2" offset="7" sl="52" sc="13" el="52" ec="62" bec="0" bev="0" fileid="2" />
                <SequencePoint vc="1" uspid="74" ordinal="3" offset="13" sl="53" sc="13" el="53" ec="46" bec="0" bev="0" fileid="2" />
                <SequencePoint vc="1" uspid="75" ordinal="4" offset="20" sl="54" sc="13" el="54" ec="61" bec="0" bev="0" fileid="2" />
                <SequencePoint vc="1" uspid="76" ordinal="5" offset="38" sl="56" sc="13" el="56" ec="77" bec="0" bev="0" fileid="2" />
                <SequencePoint vc="1" uspid="77" ordinal="6" offset="50" sl="58" sc="13" el="58" ec="76" bec="0" bev="0" fileid="2" />
                <SequencePoint vc="1" uspid="78" ordinal="7" offset="82" sl="61" sc="13" el="61" ec="54" bec="0" bev="0" fileid="2" />
                <SequencePoint vc="1" uspid="79" ordinal="8" offset="90" sl="65" sc="13" el="65" ec="66" bec="0" bev="0" fileid="2" />
                <SequencePoint vc="1" uspid="80" ordinal="9" offset="180" sl="66" sc="13" el="66" ec="76" bec="0" bev="0" fileid="2" />
                <SequencePoint vc="1" uspid="81" ordinal="10" offset="310" sl="67" sc="9" el="67" ec="10" bec="0" bev="0" fileid="2" />
              </SequencePoints>
              <BranchPoints />
              <MethodPoint xsi:type="SequencePoint" vc="1" uspid="71" ordinal="0" offset="0" sl="49" sc="9" el="49" ec="10" bec="0" bev="0" fileid="2" />
            </Method>
            <Method visited="true" cyclomaticComplexity="1" sequenceCoverage="100" branchCoverage="100" isConstructor="false" isStatic="false" isGetter="false" isSetter="false">
              <Summary numSequencePoints="15" visitedSequencePoints="15" numBranchPoints="1" visitedBranchPoints="1" sequenceCoverage="100" branchCoverage="100" maxCyclomaticComplexity="1" minCyclomaticComplexity="1" visitedClasses="0" numClasses="0" visitedMethods="1" numMethods="1" />
              <MetadataToken>100663303</MetadataToken>
              <Name>System.Void MediaShopLiabryTest.CustomerControllerTest::Test_RemoveCustomer_CustomerIsRemoved_BothremoveAndSaveAreCalled()</Name>
              <FileRef uid="2" />
              <SequencePoints>
                <SequencePoint vc="1" uspid="82" ordinal="0" offset="0" sl="71" sc="9" el="71" ec="10" bec="0" bev="0" fileid="2" />
                <SequencePoint vc="1" uspid="83" ordinal="1" offset="1" sl="73" sc="13" el="78" ec="29" bec="0" bev="0" fileid="2" />
                <SequencePoint vc="1" uspid="84" ordinal="2" offset="94" sl="80" sc="13" el="80" ec="58" bec="0" bev="0" fileid="2" />
                <SequencePoint vc="1" uspid="85" ordinal="3" offset="100" sl="82" sc="13" el="82" ec="76" bec="0" bev="0" fileid="2" />
                <SequencePoint vc="1" uspid="86" ordinal="4" offset="183" sl="83" sc="13" el="83" ec="80" bec="0" bev="0" fileid="2" />
                <SequencePoint vc="1" uspid="87" ordinal="5" offset="266" sl="84" sc="13" el="84" ec="82" bec="0" bev="0" fileid="2" />
                <SequencePoint vc="1" uspid="88" ordinal="6" offset="349" sl="85" sc="13" el="85" ec="90" bec="0" bev="0" fileid="2" />
                <SequencePoint vc="1" uspid="89" ordinal="7" offset="443" sl="87" sc="13" el="87" ec="62" bec="0" bev="0" fileid="2" />
                <SequencePoint vc="1" uspid="90" ordinal="8" offset="449" sl="88" sc="13" el="88" ec="46" bec="0" bev="0" fileid="2" />
                <SequencePoint vc="1" uspid="91" ordinal="9" offset="456" sl="89" sc="13" el="89" ec="61" bec="0" bev="0" fileid="2" />
                <SequencePoint vc="1" uspid="92" ordinal="10" offset="474" sl="91" sc="13" el="91" ec="77" bec="0" bev="0" fileid="2" />
                <SequencePoint vc="1" uspid="93" ordinal="11" offset="486" sl="95" sc="13" el="95" ec="46" bec="0" bev="0" fileid="2" />
                <SequencePoint vc="1" uspid="94" ordinal="12" offset="494" sl="100" sc="13" el="100" ec="66" bec="0" bev="0" fileid="2" />
                <SequencePoint vc="1" uspid="95" ordinal="13" offset="584" sl="101" sc="13" el="101" ec="79" bec="0" bev="0" fileid="2" />
                <SequencePoint vc="1" uspid="96" ordinal="14" offset="714" sl="102" sc="9" el="102" ec="10" bec="0" bev="0" fileid="2" />
              </SequencePoints>
              <BranchPoints />
              <MethodPoint xsi:type="SequencePoint" vc="1" uspid="82" ordinal="0" offset="0" sl="71" sc="9" el="71" ec="10" bec="0" bev="0" fileid="2" />
            </Method>
            <Method visited="true" cyclomaticComplexity="1" sequenceCoverage="100" branchCoverage="100" isConstructor="false" isStatic="false" isGetter="false" isSetter="false">
              <Summary numSequencePoints="18" visitedSequencePoints="18" numBranchPoints="1" visitedBranchPoints="1" sequenceCoverage="100" branchCoverage="100" maxCyclomaticComplexity="1" minCyclomaticComplexity="1" visitedClasses="0" numClasses="0" visitedMethods="1" numMethods="1" />
              <MetadataToken>100663304</MetadataToken>
              <Name>System.Void MediaShopLiabryTest.CustomerControllerTest::Test_UppdateCustomer_CustomerIsUppdated_SaveIsCalledAndUpdateOccurs()</Name>
              <FileRef uid="2" />
              <SequencePoints>
                <SequencePoint vc="1" uspid="97" ordinal="0" offset="0" sl="106" sc="9" el="106" ec="10" bec="0" bev="0" fileid="2" />
                <SequencePoint vc="1" uspid="98" ordinal="1" offset="1" sl="108" sc="13" el="113" ec="29" bec="0" bev="0" fileid="2" />
                <SequencePoint vc="1" uspid="99" ordinal="2" offset="94" sl="115" sc="13" el="115" ec="58" bec="0" bev="0" fileid="2" />
                <SequencePoint vc="1" uspid="100" ordinal="3" offset="100" sl="117" sc="13" el="117" ec="76" bec="0" bev="0" fileid="2" />
                <SequencePoint vc="1" uspid="101" ordinal="4" offset="183" sl="118" sc="13" el="118" ec="80" bec="0" bev="0" fileid="2" />
                <SequencePoint vc="1" uspid="102" ordinal="5" offset="266" sl="119" sc="13" el="119" ec="82" bec="0" bev="0" fileid="2" />
                <SequencePoint vc="1" uspid="103" ordinal="6" offset="349" sl="120" sc="13" el="120" ec="90" bec="0" bev="0" fileid="2" />
                <SequencePoint vc="1" uspid="104" ordinal="7" offset="443" sl="122" sc="13" el="122" ec="62" bec="0" bev="0" fileid="2" />
                <SequencePoint vc="1" uspid="105" ordinal="8" offset="449" sl="123" sc="13" el="123" ec="46" bec="0" bev="0" fileid="2" />
                <SequencePoint vc="1" uspid="106" ordinal="9" offset="456" sl="124" sc="13" el="124" ec="61" bec="0" bev="0" fileid="2" />
                <SequencePoint vc="1" uspid="107" ordinal="10" offset="474" sl="126" sc="13" el="126" ec="77" bec="0" bev="0" fileid="2" />
                <SequencePoint vc="1" uspid="108" ordinal="11" offset="486" sl="128" sc="13" el="128" ec="72" bec="0" bev="0" fileid="2" />
                <SequencePoint vc="1" uspid="109" ordinal="12" offset="510" sl="131" sc="13" el="131" ec="62" bec="0" bev="0" fileid="2" />
                <SequencePoint vc="1" uspid="110" ordinal="13" offset="520" sl="132" sc="13" el="132" ec="87" bec="0" bev="0" fileid="2" />
                <SequencePoint vc="1" uspid="111" ordinal="14" offset="634" sl="133" sc="13" el="133" ec="35" bec="0" bev="0" fileid="2" />
                <SequencePoint vc="1" uspid="112" ordinal="15" offset="641" sl="136" sc="13" el="136" ec="54" bec="0" bev="0" fileid="2" />
                <SequencePoint vc="1" uspid="113" ordinal="16" offset="656" sl="137" sc="13" el="137" ec="66" bec="0" bev="0" fileid="2" />
                <SequencePoint vc="1" uspid="114" ordinal="17" offset="746" sl="138" sc="9" el="138" ec="10" bec="0" bev="0" fileid="2" />
              </SequencePoints>
              <BranchPoints />
              <MethodPoint xsi:type="SequencePoint" vc="1" uspid="97" ordinal="0" offset="0" sl="106" sc="9" el="106" ec="10" bec="0" bev="0" fileid="2" />
            </Method>
            <Method visited="true" cyclomaticComplexity="1" sequenceCoverage="0" branchCoverage="0" isConstructor="true" isStatic="false" isGetter="false" isSetter="false">
              <Summary numSequencePoints="0" visitedSequencePoints="0" numBranchPoints="0" visitedBranchPoints="0" sequenceCoverage="0" branchCoverage="0" maxCyclomaticComplexity="1" minCyclomaticComplexity="1" visitedClasses="0" numClasses="0" visitedMethods="0" numMethods="0" />
              <MetadataToken>100663305</MetadataToken>
              <Name>System.Void MediaShopLiabryTest.CustomerControllerTest::.ctor()</Name>
              <SequencePoints />
              <BranchPoints />
              <MethodPoint vc="4" uspid="115" ordinal="0" offset="0" />
            </Method>
          </Methods>
        </Class>
        <Class>
          <Summary numSequencePoints="53" visitedSequencePoints="53" numBranchPoints="3" visitedBranchPoints="3" sequenceCoverage="100" branchCoverage="100" maxCyclomaticComplexity="1" minCyclomaticComplexity="1" visitedClasses="1" numClasses="1" visitedMethods="3" numMethods="3" />
          <FullName>MediaShopLiabryTest.CustomerViewModelTests</FullName>
          <Methods>
            <Method visited="true" cyclomaticComplexity="1" sequenceCoverage="100" branchCoverage="100" isConstructor="false" isStatic="false" isGetter="false" isSetter="false">
              <Summary numSequencePoints="18" visitedSequencePoints="18" numBranchPoints="1" visitedBranchPoints="1" sequenceCoverage="100" branchCoverage="100" maxCyclomaticComplexity="1" minCyclomaticComplexity="1" visitedClasses="0" numClasses="0" visitedMethods="1" numMethods="1" />
              <MetadataToken>100663306</MetadataToken>
              <Name>System.Void MediaShopLiabryTest.CustomerViewModelTests::Test_AddCustomerMethod_AddMethodIsCalled()</Name>
              <FileRef uid="3" />
              <SequencePoints>
                <SequencePoint vc="1" uspid="116" ordinal="0" offset="0" sl="21" sc="9" el="21" ec="10" bec="0" bev="0" fileid="3" />
                <SequencePoint vc="1" uspid="117" ordinal="1" offset="1" sl="23" sc="13" el="25" ec="29" bec="0" bev="0" fileid="3" />
                <SequencePoint vc="1" uspid="118" ordinal="2" offset="42" sl="27" sc="13" el="27" ec="58" bec="0" bev="0" fileid="3" />
                <SequencePoint vc="1" uspid="119" ordinal="3" offset="48" sl="29" sc="13" el="29" ec="76" bec="0" bev="0" fileid="3" />
                <SequencePoint vc="1" uspid="120" ordinal="4" offset="131" sl="30" sc="13" el="30" ec="80" bec="0" bev="0" fileid="3" />
                <SequencePoint vc="1" uspid="121" ordinal="5" offset="214" sl="31" sc="13" el="31" ec="82" bec="0" bev="0" fileid="3" />
                <SequencePoint vc="1" uspid="122" ordinal="6" offset="297" sl="32" sc="13" el="32" ec="90" bec="0" bev="0" fileid="3" />
                <SequencePoint vc="1" uspid="123" ordinal="7" offset="391" sl="34" sc="13" el="34" ec="62" bec="0" bev="0" fileid="3" />
                <SequencePoint vc="1" uspid="124" ordinal="8" offset="397" sl="35" sc="13" el="35" ec="46" bec="0" bev="0" fileid="3" />
                <SequencePoint vc="1" uspid="125" ordinal="9" offset="404" sl="36" sc="13" el="36" ec="61" bec="0" bev="0" fileid="3" />
                <SequencePoint vc="1" uspid="126" ordinal="10" offset="422" sl="37" sc="13" el="37" ec="84" bec="0" bev="0" fileid="3" />
                <SequencePoint vc="1" uspid="127" ordinal="11" offset="448" sl="38" sc="13" el="38" ec="80" bec="0" bev="0" fileid="3" />
                <SequencePoint vc="1" uspid="128" ordinal="12" offset="461" sl="39" sc="13" el="39" ec="35" bec="0" bev="0" fileid="3" />
                <SequencePoint vc="1" uspid="129" ordinal="13" offset="470" sl="40" sc="13" el="40" ec="42" bec="0" bev="0" fileid="3" />
                <SequencePoint vc="1" uspid="130" ordinal="14" offset="483" sl="41" sc="13" el="41" ec="46" bec="0" bev="0" fileid="3" />
                <SequencePoint vc="1" uspid="131" ordinal="15" offset="496" sl="44" sc="13" el="44" ec="34" bec="0" bev="0" fileid="3" />
                <SequencePoint vc="1" uspid="132" ordinal="16" offset="504" sl="47" sc="13" el="47" ec="76" bec="0" bev="0" fileid="3" />
                <SequencePoint vc="1" uspid="133" ordinal="17" offset="634" sl="48" sc="9" el="48" ec="10" bec="0" bev="0" fileid="3" />
              </SequencePoints>
              <BranchPoints />
              <MethodPoint xsi:type="SequencePoint" vc="1" uspid="116" ordinal="0" offset="0" sl="21" sc="9" el="21" ec="10" bec="0" bev="0" fileid="3" />
            </Method>
            <Method visited="true" cyclomaticComplexity="1" sequenceCoverage="100" branchCoverage="100" isConstructor="false" isStatic="false" isGetter="false" isSetter="false">
              <Summary numSequencePoints="16" visitedSequencePoints="16" numBranchPoints="1" visitedBranchPoints="1" sequenceCoverage="100" branchCoverage="100" maxCyclomaticComplexity="1" minCyclomaticComplexity="1" visitedClasses="0" numClasses="0" visitedMethods="1" numMethods="1" />
              <MetadataToken>100663307</MetadataToken>
              <Name>System.Void MediaShopLiabryTest.CustomerViewModelTests::Test_RemoveCustomerMethod_RemoveMethodIsCalled()</Name>
              <FileRef uid="3" />
              <SequencePoints>
                <SequencePoint vc="1" uspid="134" ordinal="0" offset="0" sl="52" sc="9" el="52" ec="10" bec="0" bev="0" fileid="3" />
                <SequencePoint vc="1" uspid="135" ordinal="1" offset="1" sl="53" sc="13" el="55" ec="29" bec="0" bev="0" fileid="3" />
                <SequencePoint vc="1" uspid="136" ordinal="2" offset="42" sl="57" sc="13" el="57" ec="58" bec="0" bev="0" fileid="3" />
                <SequencePoint vc="1" uspid="137" ordinal="3" offset="48" sl="59" sc="13" el="59" ec="76" bec="0" bev="0" fileid="3" />
                <SequencePoint vc="1" uspid="138" ordinal="4" offset="131" sl="60" sc="13" el="60" ec="80" bec="0" bev="0" fileid="3" />
                <SequencePoint vc="1" uspid="139" ordinal="5" offset="214" sl="61" sc="13" el="61" ec="82" bec="0" bev="0" fileid="3" />
                <SequencePoint vc="1" uspid="140" ordinal="6" offset="297" sl="62" sc="13" el="62" ec="90" bec="0" bev="0" fileid="3" />
                <SequencePoint vc="1" uspid="141" ordinal="7" offset="391" sl="64" sc="13" el="64" ec="62" bec="0" bev="0" fileid="3" />
                <SequencePoint vc="1" uspid="142" ordinal="8" offset="397" sl="65" sc="13" el="65" ec="46" bec="0" bev="0" fileid="3" />
                <SequencePoint vc="1" uspid="143" ordinal="9" offset="404" sl="66" sc="13" el="66" ec="61" bec="0" bev="0" fileid="3" />
                <SequencePoint vc="1" uspid="144" ordinal="10" offset="422" sl="67" sc="13" el="67" ec="84" bec="0" bev="0" fileid="3" />
                <SequencePoint vc="1" uspid="145" ordinal="11" offset="448" sl="68" sc="13" el="68" ec="80" bec="0" bev="0" fileid="3" />
                <SequencePoint vc="1" uspid="146" ordinal="12" offset="461" sl="69" sc="13" el="69" ec="35" bec="0" bev="0" fileid="3" />
                <SequencePoint vc="1" uspid="147" ordinal="13" offset="470" sl="72" sc="13" el="72" ec="37" bec="0" bev="0" fileid="3" />
                <SequencePoint vc="1" uspid="148" ordinal="14" offset="478" sl="75" sc="13" el="75" ec="79" bec="0" bev="0" fileid="3" />
                <SequencePoint vc="1" uspid="149" ordinal="15" offset="608" sl="76" sc="9" el="76" ec="10" bec="0" bev="0" fileid="3" />
              </SequencePoints>
              <BranchPoints />
              <MethodPoint xsi:type="SequencePoint" vc="1" uspid="134" ordinal="0" offset="0" sl="52" sc="9" el="52" ec="10" bec="0" bev="0" fileid="3" />
            </Method>
            <Method visited="true" cyclomaticComplexity="1" sequenceCoverage="100" branchCoverage="100" isConstructor="false" isStatic="false" isGetter="false" isSetter="false">
              <Summary numSequencePoints="19" visitedSequencePoints="19" numBranchPoints="1" visitedBranchPoints="1" sequenceCoverage="100" branchCoverage="100" maxCyclomaticComplexity="1" minCyclomaticComplexity="1" visitedClasses="0" numClasses="0" visitedMethods="1" numMethods="1" />
              <MetadataToken>100663308</MetadataToken>
              <Name>System.Void MediaShopLiabryTest.CustomerViewModelTests::Test_UpdateDvDMethod_RemoveMethodIsCalled()</Name>
              <FileRef uid="3" />
              <SequencePoints>
                <SequencePoint vc="1" uspid="150" ordinal="0" offset="0" sl="80" sc="9" el="80" ec="10" bec="0" bev="0" fileid="3" />
                <SequencePoint vc="1" uspid="151" ordinal="1" offset="1" sl="81" sc="13" el="83" ec="29" bec="0" bev="0" fileid="3" />
                <SequencePoint vc="1" uspid="152" ordinal="2" offset="42" sl="85" sc="13" el="85" ec="58" bec="0" bev="0" fileid="3" />
                <SequencePoint vc="1" uspid="153" ordinal="3" offset="48" sl="87" sc="13" el="87" ec="76" bec="0" bev="0" fileid="3" />
                <SequencePoint vc="1" uspid="154" ordinal="4" offset="131" sl="88" sc="13" el="88" ec="80" bec="0" bev="0" fileid="3" />
                <SequencePoint vc="1" uspid="155" ordinal="5" offset="214" sl="89" sc="13" el="89" ec="82" bec="0" bev="0" fileid="3" />
                <SequencePoint vc="1" uspid="156" ordinal="6" offset="297" sl="90" sc="13" el="90" ec="90" bec="0" bev="0" fileid="3" />
                <SequencePoint vc="1" uspid="157" ordinal="7" offset="391" sl="92" sc="13" el="92" ec="62" bec="0" bev="0" fileid="3" />
                <SequencePoint vc="1" uspid="158" ordinal="8" offset="397" sl="93" sc="13" el="93" ec="46" bec="0" bev="0" fileid="3" />
                <SequencePoint vc="1" uspid="159" ordinal="9" offset="404" sl="94" sc="13" el="94" ec="61" bec="0" bev="0" fileid="3" />
                <SequencePoint vc="1" uspid="160" ordinal="10" offset="422" sl="95" sc="13" el="95" ec="84" bec="0" bev="0" fileid="3" />
                <SequencePoint vc="1" uspid="161" ordinal="11" offset="448" sl="96" sc="13" el="96" ec="80" bec="0" bev="0" fileid="3" />
                <SequencePoint vc="1" uspid="162" ordinal="12" offset="461" sl="97" sc="13" el="97" ec="35" bec="0" bev="0" fileid="3" />
                <SequencePoint vc="1" uspid="163" ordinal="13" offset="470" sl="98" sc="13" el="98" ec="42" bec="0" bev="0" fileid="3" />
                <SequencePoint vc="1" uspid="164" ordinal="14" offset="483" sl="99" sc="13" el="99" ec="35" bec="0" bev="0" fileid="3" />
                <SequencePoint vc="1" uspid="165" ordinal="15" offset="490" sl="102" sc="13" el="102" ec="37" bec="0" bev="0" fileid="3" />
                <SequencePoint vc="1" uspid="166" ordinal="16" offset="498" sl="103" sc="13" el="103" ec="86" bec="0" bev="0" fileid="3" />
                <SequencePoint vc="1" uspid="167" ordinal="17" offset="612" sl="106" sc="13" el="106" ec="53" bec="0" bev="0" fileid="3" />
                <SequencePoint vc="1" uspid="168" ordinal="18" offset="627" sl="107" sc="9" el="107" ec="10" bec="0" bev="0" fileid="3" />
              </SequencePoints>
              <BranchPoints />
              <MethodPoint xsi:type="SequencePoint" vc="1" uspid="150" ordinal="0" offset="0" sl="80" sc="9" el="80" ec="10" bec="0" bev="0" fileid="3" />
            </Method>
            <Method visited="true" cyclomaticComplexity="1" sequenceCoverage="0" branchCoverage="0" isConstructor="true" isStatic="false" isGetter="false" isSetter="false">
              <Summary numSequencePoints="0" visitedSequencePoints="0" numBranchPoints="0" visitedBranchPoints="0" sequenceCoverage="0" branchCoverage="0" maxCyclomaticComplexity="1" minCyclomaticComplexity="1" visitedClasses="0" numClasses="0" visitedMethods="0" numMethods="0" />
              <MetadataToken>100663309</MetadataToken>
              <Name>System.Void MediaShopLiabryTest.CustomerViewModelTests::.ctor()</Name>
              <SequencePoints />
              <BranchPoints />
              <MethodPoint vc="3" uspid="169" ordinal="0" offset="0" />
            </Method>
          </Methods>
        </Class>
        <Class>
          <Summary numSequencePoints="54" visitedSequencePoints="54" numBranchPoints="3" visitedBranchPoints="3" sequenceCoverage="100" branchCoverage="100" maxCyclomaticComplexity="1" minCyclomaticComplexity="1" visitedClasses="1" numClasses="1" visitedMethods="3" numMethods="3" />
          <FullName>MediaShopLiabryTest.DVDViewModelTest</FullName>
          <Methods>
            <Method visited="true" cyclomaticComplexity="1" sequenceCoverage="100" branchCoverage="100" isConstructor="false" isStatic="false" isGetter="false" isSetter="false">
              <Summary numSequencePoints="19" visitedSequencePoints="19" numBranchPoints="1" visitedBranchPoints="1" sequenceCoverage="100" branchCoverage="100" maxCyclomaticComplexity="1" minCyclomaticComplexity="1" visitedClasses="0" numClasses="0" visitedMethods="1" numMethods="1" />
              <MetadataToken>100663310</MetadataToken>
              <Name>System.Void MediaShopLiabryTest.DVDViewModelTest::Test_AddDvDMethod_AddMethodIsCalled()</Name>
              <FileRef uid="4" />
              <SequencePoints>
                <SequencePoint vc="1" uspid="170" ordinal="0" offset="0" sl="17" sc="9" el="17" ec="10" bec="0" bev="0" fileid="4" />
                <SequencePoint vc="1" uspid="171" ordinal="1" offset="1" sl="18" sc="13" el="23" ec="29" bec="0" bev="0" fileid="4" />
                <SequencePoint vc="1" uspid="172" ordinal="2" offset="94" sl="25" sc="13" el="25" ec="53" bec="0" bev="0" fileid="4" />
                <SequencePoint vc="1" uspid="173" ordinal="3" offset="100" sl="27" sc="13" el="27" ec="76" bec="0" bev="0" fileid="4" />
                <SequencePoint vc="1" uspid="174" ordinal="4" offset="183" sl="28" sc="13" el="28" ec="80" bec="0" bev="0" fileid="4" />
                <SequencePoint vc="1" uspid="175" ordinal="5" offset="266" sl="29" sc="13" el="29" ec="82" bec="0" bev="0" fileid="4" />
                <SequencePoint vc="1" uspid="176" ordinal="6" offset="349" sl="30" sc="13" el="30" ec="90" bec="0" bev="0" fileid="4" />
                <SequencePoint vc="1" uspid="177" ordinal="7" offset="443" sl="32" sc="13" el="32" ec="62" bec="0" bev="0" fileid="4" />
                <SequencePoint vc="1" uspid="178" ordinal="8" offset="449" sl="33" sc="13" el="33" ec="46" bec="0" bev="0" fileid="4" />
                <SequencePoint vc="1" uspid="179" ordinal="9" offset="456" sl="34" sc="13" el="34" ec="55" bec="0" bev="0" fileid="4" />
                <SequencePoint vc="1" uspid="180" ordinal="10" offset="474" sl="35" sc="13" el="35" ec="80" bec="0" bev="0" fileid="4" />
                <SequencePoint vc="1" uspid="181" ordinal="11" offset="500" sl="36" sc="13" el="36" ec="75" bec="0" bev="0" fileid="4" />
                <SequencePoint vc="1" uspid="182" ordinal="12" offset="513" sl="37" sc="13" el="37" ec="35" bec="0" bev="0" fileid="4" />
                <SequencePoint vc="1" uspid="183" ordinal="13" offset="522" sl="38" sc="13" el="38" ec="43" bec="0" bev="0" fileid="4" />
                <SequencePoint vc="1" uspid="184" ordinal="14" offset="535" sl="39" sc="13" el="39" ec="39" bec="0" bev="0" fileid="4" />
                <SequencePoint vc="1" uspid="185" ordinal="15" offset="549" sl="40" sc="13" el="40" ec="46" bec="0" bev="0" fileid="4" />
                <SequencePoint vc="1" uspid="186" ordinal="16" offset="562" sl="43" sc="13" el="43" ec="34" bec="0" bev="0" fileid="4" />
                <SequencePoint vc="1" uspid="187" ordinal="17" offset="570" sl="46" sc="13" el="46" ec="80" bec="0" bev="0" fileid="4" />
                <SequencePoint vc="1" uspid="188" ordinal="18" offset="695" sl="47" sc="9" el="47" ec="10" bec="0" bev="0" fileid="4" />
              </SequencePoints>
              <BranchPoints />
              <MethodPoint xsi:type="SequencePoint" vc="1" uspid="170" ordinal="0" offset="0" sl="17" sc="9" el="17" ec="10" bec="0" bev="0" fileid="4" />
            </Method>
            <Method visited="true" cyclomaticComplexity="1" sequenceCoverage="100" branchCoverage="100" isConstructor="false" isStatic="false" isGetter="false" isSetter="false">
              <Summary numSequencePoints="16" visitedSequencePoints="16" numBranchPoints="1" visitedBranchPoints="1" sequenceCoverage="100" branchCoverage="100" maxCyclomaticComplexity="1" minCyclomaticComplexity="1" visitedClasses="0" numClasses="0" visitedMethods="1" numMethods="1" />
              <MetadataToken>100663311</MetadataToken>
              <Name>System.Void MediaShopLiabryTest.DVDViewModelTest::Test_RemoveDvDMethod_RemoveMethodIsCalled()</Name>
              <FileRef uid="4" />
              <SequencePoints>
                <SequencePoint vc="1" uspid="189" ordinal="0" offset="0" sl="51" sc="9" el="51" ec="10" bec="0" bev="0" fileid="4" />
                <SequencePoint vc="1" uspid="190" ordinal="1" offset="1" sl="52" sc="13" el="57" ec="29" bec="0" bev="0" fileid="4" />
                <SequencePoint vc="1" uspid="191" ordinal="2" offset="94" sl="59" sc="13" el="59" ec="53" bec="0" bev="0" fileid="4" />
                <SequencePoint vc="1" uspid="192" ordinal="3" offset="100" sl="61" sc="13" el="61" ec="76" bec="0" bev="0" fileid="4" />
                <SequencePoint vc="1" uspid="193" ordinal="4" offset="183" sl="62" sc="13" el="62" ec="80" bec="0" bev="0" fileid="4" />
                <SequencePoint vc="1" uspid="194" ordinal="5" offset="266" sl="63" sc="13" el="63" ec="82" bec="0" bev="0" fileid="4" />
                <SequencePoint vc="1" uspid="195" ordinal="6" offset="349" sl="64" sc="13" el="64" ec="90" bec="0" bev="0" fileid="4" />
                <SequencePoint vc="1" uspid="196" ordinal="7" offset="443" sl="66" sc="13" el="66" ec="62" bec="0" bev="0" fileid="4" />
                <SequencePoint vc="1" uspid="197" ordinal="8" offset="449" sl="67" sc="13" el="67" ec="46" bec="0" bev="0" fileid="4" />
                <SequencePoint vc="1" uspid="198" ordinal="9" offset="456" sl="68" sc="13" el="68" ec="55" bec="0" bev="0" fileid="4" />
                <SequencePoint vc="1" uspid="199" ordinal="10" offset="474" sl="69" sc="13" el="69" ec="80" bec="0" bev="0" fileid="4" />
                <SequencePoint vc="1" uspid="200" ordinal="11" offset="500" sl="70" sc="13" el="70" ec="75" bec="0" bev="0" fileid="4" />
                <SequencePoint vc="1" uspid="201" ordinal="12" offset="513" sl="71" sc="13" el="71" ec="35" bec="0" bev="0" fileid="4" />
                <SequencePoint vc="1" uspid="202" ordinal="13" offset="522" sl="74" sc="13" el="74" ec="37" bec="0" bev="0" fileid="4" />
                <SequencePoint vc="1" uspid="203" ordinal="14" offset="530" sl="77" sc="13" el="77" ec="74" bec="0" bev="0" fileid="4" />
                <SequencePoint vc="1" uspid="204" ordinal="15" offset="660" sl="78" sc="9" el="78" ec="10" bec="0" bev="0" fileid="4" />
              </SequencePoints>
              <BranchPoints />
              <MethodPoint xsi:type="SequencePoint" vc="1" uspid="189" ordinal="0" offset="0" sl="51" sc="9" el="51" ec="10" bec="0" bev="0" fileid="4" />
            </Method>
            <Method visited="true" cyclomaticComplexity="1" sequenceCoverage="100" branchCoverage="100" isConstructor="false" isStatic="false" isGetter="false" isSetter="false">
              <Summary numSequencePoints="19" visitedSequencePoints="19" numBranchPoints="1" visitedBranchPoints="1" sequenceCoverage="100" branchCoverage="100" maxCyclomaticComplexity="1" minCyclomaticComplexity="1" visitedClasses="0" numClasses="0" visitedMethods="1" numMethods="1" />
              <MetadataToken>100663312</MetadataToken>
              <Name>System.Void MediaShopLiabryTest.DVDViewModelTest::Test_UpdateDvDMethod_RemoveMethodIsCalled()</Name>
              <FileRef uid="4" />
              <SequencePoints>
                <SequencePoint vc="1" uspid="205" ordinal="0" offset="0" sl="82" sc="9" el="82" ec="10" bec="0" bev="0" fileid="4" />
                <SequencePoint vc="1" uspid="206" ordinal="1" offset="1" sl="84" sc="13" el="87" ec="29" bec="0" bev="0" fileid="4" />
                <SequencePoint vc="1" uspid="207" ordinal="2" offset="42" sl="89" sc="13" el="89" ec="53" bec="0" bev="0" fileid="4" />
                <SequencePoint vc="1" uspid="208" ordinal="3" offset="48" sl="91" sc="13" el="91" ec="76" bec="0" bev="0" fileid="4" />
                <SequencePoint vc="1" uspid="209" ordinal="4" offset="131" sl="92" sc="13" el="92" ec="80" bec="0" bev="0" fileid="4" />
                <SequencePoint vc="1" uspid="210" ordinal="5" offset="214" sl="93" sc="13" el="93" ec="82" bec="0" bev="0" fileid="4" />
                <SequencePoint vc="1" uspid="211" ordinal="6" offset="297" sl="94" sc="13" el="94" ec="90" bec="0" bev="0" fileid="4" />
                <SequencePoint vc="1" uspid="212" ordinal="7" offset="391" sl="96" sc="13" el="96" ec="62" bec="0" bev="0" fileid="4" />
                <SequencePoint vc="1" uspid="213" ordinal="8" offset="397" sl="97" sc="13" el="97" ec="46" bec="0" bev="0" fileid="4" />
                <SequencePoint vc="1" uspid="214" ordinal="9" offset="404" sl="98" sc="13" el="98" ec="55" bec="0" bev="0" fileid="4" />
                <SequencePoint vc="1" uspid="215" ordinal="10" offset="422" sl="99" sc="13" el="99" ec="80" bec="0" bev="0" fileid="4" />
                <SequencePoint vc="1" uspid="216" ordinal="11" offset="448" sl="100" sc="13" el="100" ec="75" bec="0" bev="0" fileid="4" />
                <SequencePoint vc="1" uspid="217" ordinal="12" offset="461" sl="101" sc="13" el="101" ec="35" bec="0" bev="0" fileid="4" />
                <SequencePoint vc="1" uspid="218" ordinal="13" offset="470" sl="102" sc="13" el="102" ec="43" bec="0" bev="0" fileid="4" />
                <SequencePoint vc="1" uspid="219" ordinal="14" offset="483" sl="103" sc="13" el="103" ec="35" bec="0" bev="0" fileid="4" />
                <SequencePoint vc="1" uspid="220" ordinal="15" offset="490" sl="106" sc="13" el="106" ec="37" bec="0" bev="0" fileid="4" />
                <SequencePoint vc="1" uspid="221" ordinal="16" offset="498" sl="107" sc="13" el="107" ec="80" bec="0" bev="0" fileid="4" />
                <SequencePoint vc="1" uspid="222" ordinal="17" offset="612" sl="110" sc="13" el="110" ec="54" bec="0" bev="0" fileid="4" />
                <SequencePoint vc="1" uspid="223" ordinal="18" offset="627" sl="111" sc="9" el="111" ec="10" bec="0" bev="0" fileid="4" />
              </SequencePoints>
              <BranchPoints />
              <MethodPoint xsi:type="SequencePoint" vc="1" uspid="205" ordinal="0" offset="0" sl="82" sc="9" el="82" ec="10" bec="0" bev="0" fileid="4" />
            </Method>
            <Method visited="true" cyclomaticComplexity="1" sequenceCoverage="0" branchCoverage="0" isConstructor="true" isStatic="false" isGetter="false" isSetter="false">
              <Summary numSequencePoints="0" visitedSequencePoints="0" numBranchPoints="0" visitedBranchPoints="0" sequenceCoverage="0" branchCoverage="0" maxCyclomaticComplexity="1" minCyclomaticComplexity="1" visitedClasses="0" numClasses="0" visitedMethods="0" numMethods="0" />
              <MetadataToken>100663313</MetadataToken>
              <Name>System.Void MediaShopLiabryTest.DVDViewModelTest::.ctor()</Name>
              <SequencePoints />
              <BranchPoints />
              <MethodPoint vc="3" uspid="224" ordinal="0" offset="0" />
            </Method>
          </Methods>
        </Class>
        <Class>
          <Summary numSequencePoints="118" visitedSequencePoints="118" numBranchPoints="8" visitedBranchPoints="8" sequenceCoverage="100" branchCoverage="100" maxCyclomaticComplexity="1" minCyclomaticComplexity="1" visitedClasses="1" numClasses="1" visitedMethods="8" numMethods="8" />
          <FullName>MediaShopLiabryTest.ItemControllerTests</FullName>
          <Methods>
            <Method visited="true" cyclomaticComplexity="1" sequenceCoverage="100" branchCoverage="100" isConstructor="false" isStatic="false" isGetter="false" isSetter="false">
              <Summary numSequencePoints="15" visitedSequencePoints="15" numBranchPoints="1" visitedBranchPoints="1" sequenceCoverage="100" branchCoverage="100" maxCyclomaticComplexity="1" minCyclomaticComplexity="1" visitedClasses="0" numClasses="0" visitedMethods="1" numMethods="1" />
              <MetadataToken>100663314</MetadataToken>
              <Name>System.Void MediaShopLiabryTest.ItemControllerTests::Test_GetAllBooks_Return3Books_WhenThereAre3InDatabase()</Name>
              <FileRef uid="5" />
              <SequencePoints>
                <SequencePoint vc="1" uspid="225" ordinal="0" offset="0" sl="16" sc="9" el="16" ec="10" bec="0" bev="0" fileid="5" />
                <SequencePoint vc="1" uspid="226" ordinal="1" offset="1" sl="18" sc="13" el="18" ec="30" bec="0" bev="0" fileid="5" />
                <SequencePoint vc="1" uspid="227" ordinal="2" offset="3" sl="19" sc="13" el="24" ec="29" bec="0" bev="0" fileid="5" />
                <SequencePoint vc="1" uspid="228" ordinal="3" offset="96" sl="26" sc="13" el="26" ec="55" bec="0" bev="0" fileid="5" />
                <SequencePoint vc="1" uspid="229" ordinal="4" offset="102" sl="28" sc="13" el="28" ec="76" bec="0" bev="0" fileid="5" />
                <SequencePoint vc="1" uspid="230" ordinal="5" offset="185" sl="29" sc="13" el="29" ec="80" bec="0" bev="0" fileid="5" />
                <SequencePoint vc="1" uspid="231" ordinal="6" offset="268" sl="30" sc="13" el="30" ec="82" bec="0" bev="0" fileid="5" />
                <SequencePoint vc="1" uspid="232" ordinal="7" offset="351" sl="31" sc="13" el="31" ec="90" bec="0" bev="0" fileid="5" />
                <SequencePoint vc="1" uspid="233" ordinal="8" offset="445" sl="33" sc="13" el="33" ec="62" bec="0" bev="0" fileid="5" />
                <SequencePoint vc="1" uspid="234" ordinal="9" offset="451" sl="34" sc="13" el="34" ec="46" bec="0" bev="0" fileid="5" />
                <SequencePoint vc="1" uspid="235" ordinal="10" offset="458" sl="35" sc="13" el="35" ec="57" bec="0" bev="0" fileid="5" />
                <SequencePoint vc="1" uspid="236" ordinal="11" offset="476" sl="37" sc="13" el="37" ec="73" bec="0" bev="0" fileid="5" />
                <SequencePoint vc="1" uspid="237" ordinal="12" offset="489" sl="41" sc="13" el="41" ec="61" bec="0" bev="0" fileid="5" />
                <SequencePoint vc="1" uspid="238" ordinal="13" offset="503" sl="44" sc="13" el="44" ec="47" bec="0" bev="0" fileid="5" />
                <SequencePoint vc="1" uspid="239" ordinal="14" offset="512" sl="45" sc="9" el="45" ec="10" bec="0" bev="0" fileid="5" />
              </SequencePoints>
              <BranchPoints />
              <MethodPoint xsi:type="SequencePoint" vc="1" uspid="225" ordinal="0" offset="0" sl="16" sc="9" el="16" ec="10" bec="0" bev="0" fileid="5" />
            </Method>
            <Method visited="true" cyclomaticComplexity="1" sequenceCoverage="100" branchCoverage="100" isConstructor="false" isStatic="false" isGetter="false" isSetter="false">
              <Summary numSequencePoints="15" visitedSequencePoints="15" numBranchPoints="1" visitedBranchPoints="1" sequenceCoverage="100" branchCoverage="100" maxCyclomaticComplexity="1" minCyclomaticComplexity="1" visitedClasses="0" numClasses="0" visitedMethods="1" numMethods="1" />
              <MetadataToken>100663315</MetadataToken>
              <Name>System.Void MediaShopLiabryTest.ItemControllerTests::Test_GetAllDVDS_Return3DVD_WhenThereAre3InDatabase()</Name>
              <FileRef uid="5" />
              <SequencePoints>
                <SequencePoint vc="1" uspid="240" ordinal="0" offset="0" sl="49" sc="9" el="49" ec="10" bec="0" bev="0" fileid="5" />
                <SequencePoint vc="1" uspid="241" ordinal="1" offset="1" sl="51" sc="13" el="51" ec="30" bec="0" bev="0" fileid="5" />
                <SequencePoint vc="1" uspid="242" ordinal="2" offset="3" sl="52" sc="13" el="57" ec="29" bec="0" bev="0" fileid="5" />
                <SequencePoint vc="1" uspid="243" ordinal="3" offset="96" sl="59" sc="13" el="59" ec="53" bec="0" bev="0" fileid="5" />
                <SequencePoint vc="1" uspid="244" ordinal="4" offset="102" sl="61" sc="13" el="61" ec="76" bec="0" bev="0" fileid="5" />
                <SequencePoint vc="1" uspid="245" ordinal="5" offset="185" sl="62" sc="13" el="62" ec="80" bec="0" bev="0" fileid="5" />
                <SequencePoint vc="1" uspid="246" ordinal="6" offset="268" sl="63" sc="13" el="63" ec="82" bec="0" bev="0" fileid="5" />
                <SequencePoint vc="1" uspid="247" ordinal="7" offset="351" sl="64" sc="13" el="64" ec="90" bec="0" bev="0" fileid="5" />
                <SequencePoint vc="1" uspid="248" ordinal="8" offset="445" sl="66" sc="13" el="66" ec="62" bec="0" bev="0" fileid="5" />
                <SequencePoint vc="1" uspid="249" ordinal="9" offset="451" sl="67" sc="13" el="67" ec="46" bec="0" bev="0" fileid="5" />
                <SequencePoint vc="1" uspid="250" ordinal="10" offset="458" sl="68" sc="13" el="68" ec="55" bec="0" bev="0" fileid="5" />
                <SequencePoint vc="1" uspid="251" ordinal="11" offset="476" sl="70" sc="13" el="70" ec="73" bec="0" bev="0" fileid="5" />
                <SequencePoint vc="1" uspid="252" ordinal="12" offset="489" sl="74" sc="13" el="74" ec="60" bec="0" bev="0" fileid="5" />
                <SequencePoint vc="1" uspid="253" ordinal="13" offset="503" sl="77" sc="13" el="77" ec="47" bec="0" bev="0" fileid="5" />
                <SequencePoint vc="1" uspid="254" ordinal="14" offset="512" sl="78" sc="9" el="78" ec="10" bec="0" bev="0" fileid="5" />
              </SequencePoints>
              <BranchPoints />
              <MethodPoint xsi:type="SequencePoint" vc="1" uspid="240" ordinal="0" offset="0" sl="49" sc="9" el="49" ec="10" bec="0" bev="0" fileid="5" />
            </Method>
            <Method visited="true" cyclomaticComplexity="1" sequenceCoverage="100" branchCoverage="100" isConstructor="false" isStatic="false" isGetter="false" isSetter="false">
              <Summary numSequencePoints="11" visitedSequencePoints="11" numBranchPoints="1" visitedBranchPoints="1" sequenceCoverage="100" branchCoverage="100" maxCyclomaticComplexity="1" minCyclomaticComplexity="1" visitedClasses="0" numClasses="0" visitedMethods="1" numMethods="1" />
              <MetadataToken>100663316</MetadataToken>
              <Name>System.Void MediaShopLiabryTest.ItemControllerTests::Test_AddBook_ABookIsAddedToTheList_BothAddAndSaveAreCalled()</Name>
              <FileRef uid="5" />
              <SequencePoints>
                <SequencePoint vc="1" uspid="255" ordinal="0" offset="0" sl="82" sc="9" el="82" ec="10" bec="0" bev="0" fileid="5" />
                <SequencePoint vc="1" uspid="256" ordinal="1" offset="1" sl="84" sc="13" el="84" ec="55" bec="0" bev="0" fileid="5" />
                <SequencePoint vc="1" uspid="257" ordinal="2" offset="7" sl="85" sc="13" el="85" ec="62" bec="0" bev="0" fileid="5" />
                <SequencePoint vc="1" uspid="258" ordinal="3" offset="13" sl="86" sc="13" el="86" ec="46" bec="0" bev="0" fileid="5" />
                <SequencePoint vc="1" uspid="259" ordinal="4" offset="20" sl="87" sc="13" el="87" ec="57" bec="0" bev="0" fileid="5" />
                <SequencePoint vc="1" uspid="260" ordinal="5" offset="38" sl="89" sc="13" el="89" ec="73" bec="0" bev="0" fileid="5" />
                <SequencePoint vc="1" uspid="261" ordinal="6" offset="50" sl="91" sc="13" el="91" ec="111" bec="0" bev="0" fileid="5" />
                <SequencePoint vc="1" uspid="262" ordinal="7" offset="123" sl="94" sc="13" el="94" ec="46" bec="0" bev="0" fileid="5" />
                <SequencePoint vc="1" uspid="263" ordinal="8" offset="131" sl="98" sc="13" el="98" ec="66" bec="0" bev="0" fileid="5" />
                <SequencePoint vc="1" uspid="264" ordinal="9" offset="221" sl="99" sc="13" el="99" ec="72" bec="0" bev="0" fileid="5" />
                <SequencePoint vc="1" uspid="265" ordinal="10" offset="351" sl="100" sc="9" el="100" ec="10" bec="0" bev="0" fileid="5" />
              </SequencePoints>
              <BranchPoints />
              <MethodPoint xsi:type="SequencePoint" vc="1" uspid="255" ordinal="0" offset="0" sl="82" sc="9" el="82" ec="10" bec="0" bev="0" fileid="5" />
            </Method>
            <Method visited="true" cyclomaticComplexity="1" sequenceCoverage="100" branchCoverage="100" isConstructor="false" isStatic="false" isGetter="false" isSetter="false">
              <Summary numSequencePoints="11" visitedSequencePoints="11" numBranchPoints="1" visitedBranchPoints="1" sequenceCoverage="100" branchCoverage="100" maxCyclomaticComplexity="1" minCyclomaticComplexity="1" visitedClasses="0" numClasses="0" visitedMethods="1" numMethods="1" />
              <MetadataToken>100663317</MetadataToken>
              <Name>System.Void MediaShopLiabryTest.ItemControllerTests::Test_AddDvd_ADvdIsAddedToTheList_BothAddAndSaveAreCalled()</Name>
              <FileRef uid="5" />
              <SequencePoints>
                <SequencePoint vc="1" uspid="266" ordinal="0" offset="0" sl="106" sc="9" el="106" ec="10" bec="0" bev="0" fileid="5" />
                <SequencePoint vc="1" uspid="267" ordinal="1" offset="1" sl="108" sc="13" el="108" ec="53" bec="0" bev="0" fileid="5" />
                <SequencePoint vc="1" uspid="268" ordinal="2" offset="7" sl="109" sc="13" el="109" ec="62" bec="0" bev="0" fileid="5" />
                <SequencePoint vc="1" uspid="269" ordinal="3" offset="13" sl="110" sc="13" el="110" ec="46" bec="0" bev="0" fileid="5" />
                <SequencePoint vc="1" uspid="270" ordinal="4" offset="20" sl="111" sc="13" el="111" ec="55" bec="0" bev="0" fileid="5" />
                <SequencePoint vc="1" uspid="271" ordinal="5" offset="38" sl="113" sc="13" el="113" ec="73" bec="0" bev="0" fileid="5" />
                <SequencePoint vc="1" uspid="272" ordinal="6" offset="50" sl="115" sc="13" el="115" ec="104" bec="0" bev="0" fileid="5" />
                <SequencePoint vc="1" uspid="273" ordinal="7" offset="126" sl="118" sc="13" el="118" ec="44" bec="0" bev="0" fileid="5" />
                <SequencePoint vc="1" uspid="274" ordinal="8" offset="134" sl="122" sc="13" el="122" ec="66" bec="0" bev="0" fileid="5" />
                <SequencePoint vc="1" uspid="275" ordinal="9" offset="224" sl="123" sc="13" el="123" ec="71" bec="0" bev="0" fileid="5" />
                <SequencePoint vc="1" uspid="276" ordinal="10" offset="354" sl="124" sc="9" el="124" ec="10" bec="0" bev="0" fileid="5" />
              </SequencePoints>
              <BranchPoints />
              <MethodPoint xsi:type="SequencePoint" vc="1" uspid="266" ordinal="0" offset="0" sl="106" sc="9" el="106" ec="10" bec="0" bev="0" fileid="5" />
            </Method>
            <Method visited="true" cyclomaticComplexity="1" sequenceCoverage="100" branchCoverage="100" isConstructor="false" isStatic="false" isGetter="false" isSetter="false">
              <Summary numSequencePoints="15" visitedSequencePoints="15" numBranchPoints="1" visitedBranchPoints="1" sequenceCoverage="100" branchCoverage="100" maxCyclomaticComplexity="1" minCyclomaticComplexity="1" visitedClasses="0" numClasses="0" visitedMethods="1" numMethods="1" />
              <MetadataToken>100663318</MetadataToken>
              <Name>System.Void MediaShopLiabryTest.ItemControllerTests::Test_RemoveBook_BookIsRemoved_BothremoveAndSaveAreCalled()</Name>
              <FileRef uid="5" />
              <SequencePoints>
                <SequencePoint vc="1" uspid="277" ordinal="0" offset="0" sl="130" sc="9" el="130" ec="10" bec="0" bev="0" fileid="5" />
                <SequencePoint vc="1" uspid="278" ordinal="1" offset="1" sl="132" sc="13" el="137" ec="29" bec="0" bev="0" fileid="5" />
                <SequencePoint vc="1" uspid="279" ordinal="2" offset="94" sl="139" sc="13" el="139" ec="55" bec="0" bev="0" fileid="5" />
                <SequencePoint vc="1" uspid="280" ordinal="3" offset="100" sl="141" sc="13" el="141" ec="76" bec="0" bev="0" fileid="5" />
                <SequencePoint vc="1" uspid="281" ordinal="4" offset="183" sl="142" sc="13" el="142" ec="80" bec="0" bev="0" fileid="5" />
                <SequencePoint vc="1" uspid="282" ordinal="5" offset="266" sl="143" sc="13" el="143" ec="82" bec="0" bev="0" fileid="5" />
                <SequencePoint vc="1" uspid="283" ordinal="6" offset="349" sl="144" sc="13" el="144" ec="90" bec="0" bev="0" fileid="5" />
                <SequencePoint vc="1" uspid="284" ordinal="7" offset="443" sl="145" sc="13" el="145" ec="62" bec="0" bev="0" fileid="5" />
                <SequencePoint vc="1" uspid="285" ordinal="8" offset="449" sl="146" sc="13" el="146" ec="46" bec="0" bev="0" fileid="5" />
                <SequencePoint vc="1" uspid="286" ordinal="9" offset="456" sl="147" sc="13" el="147" ec="57" bec="0" bev="0" fileid="5" />
                <SequencePoint vc="1" uspid="287" ordinal="10" offset="474" sl="149" sc="13" el="149" ec="73" bec="0" bev="0" fileid="5" />
                <SequencePoint vc="1" uspid="288" ordinal="11" offset="486" sl="153" sc="13" el="153" ec="42" bec="0" bev="0" fileid="5" />
                <SequencePoint vc="1" uspid="289" ordinal="12" offset="494" sl="158" sc="13" el="158" ec="66" bec="0" bev="0" fileid="5" />
                <SequencePoint vc="1" uspid="290" ordinal="13" offset="584" sl="159" sc="13" el="159" ec="76" bec="0" bev="0" fileid="5" />
                <SequencePoint vc="1" uspid="291" ordinal="14" offset="714" sl="160" sc="9" el="160" ec="10" bec="0" bev="0" fileid="5" />
              </SequencePoints>
              <BranchPoints />
              <MethodPoint xsi:type="SequencePoint" vc="1" uspid="277" ordinal="0" offset="0" sl="130" sc="9" el="130" ec="10" bec="0" bev="0" fileid="5" />
            </Method>
            <Method visited="true" cyclomaticComplexity="1" sequenceCoverage="100" branchCoverage="100" isConstructor="false" isStatic="false" isGetter="false" isSetter="false">
              <Summary numSequencePoints="15" visitedSequencePoints="15" numBranchPoints="1" visitedBranchPoints="1" sequenceCoverage="100" branchCoverage="100" maxCyclomaticComplexity="1" minCyclomaticComplexity="1" visitedClasses="0" numClasses="0" visitedMethods="1" numMethods="1" />
              <MetadataToken>100663319</MetadataToken>
              <Name>System.Void MediaShopLiabryTest.ItemControllerTests::Test_RemoveDvd_DvdIsRemoved_BothremoveAndSaveAreCalled()</Name>
              <FileRef uid="5" />
              <SequencePoints>
                <SequencePoint vc="1" uspid="292" ordinal="0" offset="0" sl="166" sc="9" el="166" ec="10" bec="0" bev="0" fileid="5" />
                <SequencePoint vc="1" uspid="293" ordinal="1" offset="1" sl="168" sc="13" el="173" ec="29" bec="0" bev="0" fileid="5" />
                <SequencePoint vc="1" uspid="294" ordinal="2" offset="94" sl="175" sc="13" el="175" ec="53" bec="0" bev="0" fileid="5" />
                <SequencePoint vc="1" uspid="295" ordinal="3" offset="100" sl="176" sc="13" el="176" ec="76" bec="0" bev="0" fileid="5" />
                <SequencePoint vc="1" uspid="296" ordinal="4" offset="183" sl="177" sc="13" el="177" ec="80" bec="0" bev="0" fileid="5" />
                <SequencePoint vc="1" uspid="297" ordinal="5" offset="266" sl="178" sc="13" el="178" ec="82" bec="0" bev="0" fileid="5" />
                <SequencePoint vc="1" uspid="298" ordinal="6" offset="349" sl="179" sc="13" el="179" ec="90" bec="0" bev="0" fileid="5" />
                <SequencePoint vc="1" uspid="299" ordinal="7" offset="443" sl="180" sc="13" el="180" ec="62" bec="0" bev="0" fileid="5" />
                <SequencePoint vc="1" uspid="300" ordinal="8" offset="449" sl="181" sc="13" el="181" ec="46" bec="0" bev="0" fileid="5" />
                <SequencePoint vc="1" uspid="301" ordinal="9" offset="456" sl="182" sc="13" el="182" ec="55" bec="0" bev="0" fileid="5" />
                <SequencePoint vc="1" uspid="302" ordinal="10" offset="474" sl="184" sc="13" el="184" ec="73" bec="0" bev="0" fileid="5" />
                <SequencePoint vc="1" uspid="303" ordinal="11" offset="486" sl="187" sc="13" el="187" ec="42" bec="0" bev="0" fileid="5" />
                <SequencePoint vc="1" uspid="304" ordinal="12" offset="494" sl="192" sc="13" el="192" ec="66" bec="0" bev="0" fileid="5" />
                <SequencePoint vc="1" uspid="305" ordinal="13" offset="584" sl="193" sc="13" el="193" ec="74" bec="0" bev="0" fileid="5" />
                <SequencePoint vc="1" uspid="306" ordinal="14" offset="714" sl="194" sc="9" el="194" ec="10" bec="0" bev="0" fileid="5" />
              </SequencePoints>
              <BranchPoints />
              <MethodPoint xsi:type="SequencePoint" vc="1" uspid="292" ordinal="0" offset="0" sl="166" sc="9" el="166" ec="10" bec="0" bev="0" fileid="5" />
            </Method>
            <Method visited="true" cyclomaticComplexity="1" sequenceCoverage="100" branchCoverage="100" isConstructor="false" isStatic="false" isGetter="false" isSetter="false">
              <Summary numSequencePoints="18" visitedSequencePoints="18" numBranchPoints="1" visitedBranchPoints="1" sequenceCoverage="100" branchCoverage="100" maxCyclomaticComplexity="1" minCyclomaticComplexity="1" visitedClasses="0" numClasses="0" visitedMethods="1" numMethods="1" />
              <MetadataToken>100663320</MetadataToken>
              <Name>System.Void MediaShopLiabryTest.ItemControllerTests::Test_UppdateDvd_DvdIsUppdated_SaveIsCalledAndUpdateOccurs()</Name>
              <FileRef uid="5" />
              <SequencePoints>
                <SequencePoint vc="1" uspid="307" ordinal="0" offset="0" sl="200" sc="9" el="200" ec="10" bec="0" bev="0" fileid="5" />
                <SequencePoint vc="1" uspid="308" ordinal="1" offset="1" sl="202" sc="13" el="204" ec="29" bec="0" bev="0" fileid="5" />
                <SequencePoint vc="1" uspid="309" ordinal="2" offset="42" sl="206" sc="13" el="206" ec="53" bec="0" bev="0" fileid="5" />
                <SequencePoint vc="1" uspid="310" ordinal="3" offset="48" sl="207" sc="13" el="207" ec="76" bec="0" bev="0" fileid="5" />
                <SequencePoint vc="1" uspid="311" ordinal="4" offset="131" sl="208" sc="13" el="208" ec="80" bec="0" bev="0" fileid="5" />
                <SequencePoint vc="1" uspid="312" ordinal="5" offset="214" sl="209" sc="13" el="209" ec="82" bec="0" bev="0" fileid="5" />
                <SequencePoint vc="1" uspid="313" ordinal="6" offset="297" sl="210" sc="13" el="210" ec="90" bec="0" bev="0" fileid="5" />
                <SequencePoint vc="1" uspid="314" ordinal="7" offset="391" sl="211" sc="13" el="211" ec="62" bec="0" bev="0" fileid="5" />
                <SequencePoint vc="1" uspid="315" ordinal="8" offset="397" sl="212" sc="13" el="212" ec="46" bec="0" bev="0" fileid="5" />
                <SequencePoint vc="1" uspid="316" ordinal="9" offset="404" sl="213" sc="13" el="213" ec="55" bec="0" bev="0" fileid="5" />
                <SequencePoint vc="1" uspid="317" ordinal="10" offset="422" sl="215" sc="13" el="215" ec="73" bec="0" bev="0" fileid="5" />
                <SequencePoint vc="1" uspid="318" ordinal="11" offset="434" sl="217" sc="13" el="217" ec="107" bec="0" bev="0" fileid="5" />
                <SequencePoint vc="1" uspid="319" ordinal="12" offset="495" sl="220" sc="13" el="220" ec="53" bec="0" bev="0" fileid="5" />
                <SequencePoint vc="1" uspid="320" ordinal="13" offset="505" sl="221" sc="13" el="221" ec="80" bec="0" bev="0" fileid="5" />
                <SequencePoint vc="1" uspid="321" ordinal="14" offset="619" sl="222" sc="13" el="222" ec="35" bec="0" bev="0" fileid="5" />
                <SequencePoint vc="1" uspid="322" ordinal="15" offset="626" sl="225" sc="13" el="225" ec="54" bec="0" bev="0" fileid="5" />
                <SequencePoint vc="1" uspid="323" ordinal="16" offset="641" sl="226" sc="13" el="226" ec="66" bec="0" bev="0" fileid="5" />
                <SequencePoint vc="1" uspid="324" ordinal="17" offset="731" sl="227" sc="9" el="227" ec="10" bec="0" bev="0" fileid="5" />
              </SequencePoints>
              <BranchPoints />
              <MethodPoint xsi:type="SequencePoint" vc="1" uspid="307" ordinal="0" offset="0" sl="200" sc="9" el="200" ec="10" bec="0" bev="0" fileid="5" />
            </Method>
            <Method visited="true" cyclomaticComplexity="1" sequenceCoverage="100" branchCoverage="100" isConstructor="false" isStatic="false" isGetter="false" isSetter="false">
              <Summary numSequencePoints="18" visitedSequencePoints="18" numBranchPoints="1" visitedBranchPoints="1" sequenceCoverage="100" branchCoverage="100" maxCyclomaticComplexity="1" minCyclomaticComplexity="1" visitedClasses="0" numClasses="0" visitedMethods="1" numMethods="1" />
              <MetadataToken>100663321</MetadataToken>
              <Name>System.Void MediaShopLiabryTest.ItemControllerTests::Test_UppdateBook_BookIsUppdated_SaveIsCalledAndUpdateOccurs()</Name>
              <FileRef uid="5" />
              <SequencePoints>
                <SequencePoint vc="1" uspid="325" ordinal="0" offset="0" sl="231" sc="9" el="231" ec="10" bec="0" bev="0" fileid="5" />
                <SequencePoint vc="1" uspid="326" ordinal="1" offset="1" sl="233" sc="13" el="236" ec="29" bec="0" bev="0" fileid="5" />
                <SequencePoint vc="1" uspid="327" ordinal="2" offset="42" sl="238" sc="13" el="238" ec="55" bec="0" bev="0" fileid="5" />
                <SequencePoint vc="1" uspid="328" ordinal="3" offset="48" sl="240" sc="13" el="240" ec="76" bec="0" bev="0" fileid="5" />
                <SequencePoint vc="1" uspid="329" ordinal="4" offset="131" sl="241" sc="13" el="241" ec="80" bec="0" bev="0" fileid="5" />
                <SequencePoint vc="1" uspid="330" ordinal="5" offset="214" sl="242" sc="13" el="242" ec="82" bec="0" bev="0" fileid="5" />
                <SequencePoint vc="1" uspid="331" ordinal="6" offset="297" sl="243" sc="13" el="243" ec="90" bec="0" bev="0" fileid="5" />
                <SequencePoint vc="1" uspid="332" ordinal="7" offset="391" sl="245" sc="13" el="245" ec="62" bec="0" bev="0" fileid="5" />
                <SequencePoint vc="1" uspid="333" ordinal="8" offset="397" sl="246" sc="13" el="246" ec="46" bec="0" bev="0" fileid="5" />
                <SequencePoint vc="1" uspid="334" ordinal="9" offset="404" sl="247" sc="13" el="247" ec="57" bec="0" bev="0" fileid="5" />
                <SequencePoint vc="1" uspid="335" ordinal="10" offset="422" sl="249" sc="13" el="249" ec="73" bec="0" bev="0" fileid="5" />
[...]
          <FullName>MediaShopWpfUi.Pages.Sales</FullName>
          <Methods>
            <Method visited="false" cyclomaticComplexity="1" sequenceCoverage="0" branchCoverage="0" isConstructor="true" isStatic="false" isGetter="false" isSetter="false">
              <Summary numSequencePoints="4" visitedSequencePoints="0" numBranchPoints="1" visitedBranchPoints="0" sequenceCoverage="0" branchCoverage="0" maxCyclomaticComplexity="1" minCyclomaticComplexity="1" visitedClasses="0" numClasses="0" visitedMethods="0" numMethods="1" />
              <MetadataToken>100663442</MetadataToken>
              <Name>System.Void MediaShopWpfUi.Pages.Sales::.ctor()</Name>
              <FileRef uid="61" />
              <SequencePoints>
                <SequencePoint vc="0" uspid="1692" ordinal="0" offset="0" sl="23" sc="9" el="23" ec="23" bec="0" bev="0" fileid="61" />
                <SequencePoint vc="0" uspid="1693" ordinal="1" offset="7" sl="24" sc="9" el="24" ec="10" bec="0" bev="0" fileid="61" />
                <SequencePoint vc="0" uspid="1694" ordinal="2" offset="8" sl="25" sc="13" el="25" ec="35" bec="0" bev="0" fileid="61" />
                <SequencePoint vc="0" uspid="1695" ordinal="3" offset="15" sl="26" sc="9" el="26" ec="10" bec="0" bev="0" fileid="61" />
              </SequencePoints>
              <BranchPoints />
              <MethodPoint xsi:type="SequencePoint" vc="0" uspid="1692" ordinal="0" offset="0" sl="23" sc="9" el="23" ec="23" bec="0" bev="0" fileid="61" />
            </Method>
            <Method visited="false" cyclomaticComplexity="2" sequenceCoverage="0" branchCoverage="0" isConstructor="false" isStatic="false" isGetter="false" isSetter="false">
              <Summary numSequencePoints="7" visitedSequencePoints="0" numBranchPoints="3" visitedBranchPoints="0" sequenceCoverage="0" branchCoverage="0" maxCyclomaticComplexity="2" minCyclomaticComplexity="2" visitedClasses="0" numClasses="0" visitedMethods="0" numMethods="1" />
              <MetadataToken>100663443</MetadataToken>
              <Name>System.Void MediaShopWpfUi.Pages.Sales::InitializeComponent()</Name>
              <FileRef uid="62" />
              <SequencePoints>
                <SequencePoint vc="0" uspid="1696" ordinal="0" offset="0" sl="50" sc="43" el="50" ec="44" bec="0" bev="0" fileid="62" />
                <SequencePoint vc="0" uspid="1697" ordinal="1" offset="1" sl="51" sc="13" el="51" ec="32" bec="2" bev="0" fileid="62" />
                <SequencePoint vc="0" uspid="1698" ordinal="2" offset="14" sl="51" sc="33" el="51" ec="34" bec="0" bev="0" fileid="62" />
                <SequencePoint vc="0" uspid="1699" ordinal="3" offset="15" sl="52" sc="17" el="52" ec="24" bec="0" bev="0" fileid="62" />
                <SequencePoint vc="0" uspid="1700" ordinal="4" offset="17" sl="54" sc="13" el="54" ec="35" bec="0" bev="0" fileid="62" />
                <SequencePoint vc="0" uspid="1701" ordinal="5" offset="24" sl="55" sc="13" el="55" ec="132" bec="0" bev="0" fileid="62" />
                <SequencePoint vc="0" uspid="1702" ordinal="6" offset="36" sl="1" sc="13" el="1" ec="77" bec="0" bev="0" fileid="63" />
              </SequencePoints>
              <BranchPoints>
                <BranchPoint vc="0" uspid="1703" ordinal="0" offset="12" sl="51" path="0" offsetend="14" fileid="62" />
                <BranchPoint vc="0" uspid="1704" ordinal="1" offset="12" sl="51" path="1" offsetend="17" fileid="62" />
              </BranchPoints>
              <MethodPoint xsi:type="SequencePoint" vc="0" uspid="1696" ordinal="0" offset="0" sl="50" sc="43" el="50" ec="44" bec="0" bev="0" fileid="62" />
            </Method>
            <Method visited="false" cyclomaticComplexity="1" sequenceCoverage="0" branchCoverage="0" isConstructor="false" isStatic="false" isGetter="false" isSetter="false">
              <Summary numSequencePoints="0" visitedSequencePoints="0" numBranchPoints="0" visitedBranchPoints="0" sequenceCoverage="0" branchCoverage="0" maxCyclomaticComplexity="1" minCyclomaticComplexity="1" visitedClasses="0" numClasses="0" visitedMethods="0" numMethods="0" />
              <MetadataToken>100663444</MetadataToken>
              <Name>System.Void MediaShopWpfUi.Pages.Sales::System.Windows.Markup.IComponentConnector.Connect(System.Int32,System.Object)</Name>
              <SequencePoints />
              <BranchPoints />
              <MethodPoint vc="0" uspid="1705" ordinal="0" offset="0" />
            </Method>
          </Methods>
        </Class>
        <Class>
          <Summary numSequencePoints="17" visitedSequencePoints="0" numBranchPoints="6" visitedBranchPoints="0" sequenceCoverage="0" branchCoverage="0" maxCyclomaticComplexity="2" minCyclomaticComplexity="1" visitedClasses="0" numClasses="1" visitedMethods="0" numMethods="4" />
          <FullName>MediaShopWpfUi.Properties.Resources</FullName>
          <Methods>
            <Method visited="false" cyclomaticComplexity="2" sequenceCoverage="0" branchCoverage="0" isConstructor="false" isStatic="true" isGetter="true" isSetter="false">
              <Summary numSequencePoints="8" visitedSequencePoints="0" numBranchPoints="3" visitedBranchPoints="0" sequenceCoverage="0" branchCoverage="0" maxCyclomaticComplexity="2" minCyclomaticComplexity="2" visitedClasses="0" numClasses="0" visitedMethods="0" numMethods="1" />
              <MetadataToken>100663446</MetadataToken>
              <Name>System.Resources.ResourceManager MediaShopWpfUi.Properties.Resources::get_ResourceManager()</Name>
              <FileRef uid="64" />
              <SequencePoints>
                <SequencePoint vc="0" uspid="1706" ordinal="0" offset="0" sl="44" sc="13" el="44" ec="14" bec="0" bev="0" fileid="64" />
                <SequencePoint vc="0" uspid="1707" ordinal="1" offset="1" sl="45" sc="17" el="45" ec="43" bec="2" bev="0" fileid="64" />
                <SequencePoint vc="0" uspid="1708" ordinal="2" offset="16" sl="46" sc="17" el="46" ec="18" bec="0" bev="0" fileid="64" />
                <SequencePoint vc="0" uspid="1709" ordinal="3" offset="17" sl="47" sc="21" el="47" ec="181" bec="0" bev="0" fileid="64" />
                <SequencePoint vc="0" uspid="1710" ordinal="4" offset="43" sl="48" sc="21" el="48" ec="40" bec="0" bev="0" fileid="64" />
                <SequencePoint vc="0" uspid="1711" ordinal="5" offset="49" sl="49" sc="17" el="49" ec="18" bec="0" bev="0" fileid="64" />
                <SequencePoint vc="0" uspid="1712" ordinal="6" offset="50" sl="50" sc="17" el="50" ec="36" bec="0" bev="0" fileid="64" />
                <SequencePoint vc="0" uspid="1713" ordinal="7" offset="58" sl="51" sc="13" el="51" ec="14" bec="0" bev="0" fileid="64" />
              </SequencePoints>
              <BranchPoints>
                <BranchPoint vc="0" uspid="1714" ordinal="0" offset="14" sl="45" path="0" offsetend="16" fileid="64" />
                <BranchPoint vc="0" uspid="1715" ordinal="1" offset="14" sl="45" path="1" offsetend="50" fileid="64" />
              </BranchPoints>
              <MethodPoint xsi:type="SequencePoint" vc="0" uspid="1706" ordinal="0" offset="0" sl="44" sc="13" el="44" ec="14" bec="0" bev="0" fileid="64" />
            </Method>
            <Method visited="false" cyclomaticComplexity="1" sequenceCoverage="0" branchCoverage="0" isConstructor="false" isStatic="true" isGetter="true" isSetter="false">
              <Summary numSequencePoints="3" visitedSequencePoints="0" numBranchPoints="1" visitedBranchPoints="0" sequenceCoverage="0" branchCoverage="0" maxCyclomaticComplexity="1" minCyclomaticComplexity="1" visitedClasses="0" numClasses="0" visitedMethods="0" numMethods="1" />
              <MetadataToken>100663447</MetadataToken>
              <Name>System.Globalization.CultureInfo MediaShopWpfUi.Properties.Resources::get_Culture()</Name>
              <FileRef uid="64" />
              <SequencePoints>
                <SequencePoint vc="0" uspid="1716" ordinal="0" offset="0" sl="62" sc="13" el="62" ec="14" bec="0" bev="0" fileid="64" />
                <SequencePoint vc="0" uspid="1717" ordinal="1" offset="1" sl="63" sc="17" el="63" ec="40" bec="0" bev="0" fileid="64" />
                <SequencePoint vc="0" uspid="1718" ordinal="2" offset="9" sl="64" sc="13" el="64" ec="14" bec="0" bev="0" fileid="64" />
              </SequencePoints>
              <BranchPoints />
              <MethodPoint xsi:type="SequencePoint" vc="0" uspid="1716" ordinal="0" offset="0" sl="62" sc="13" el="62" ec="14" bec="0" bev="0" fileid="64" />
            </Method>
            <Method visited="false" cyclomaticComplexity="1" sequenceCoverage="0" branchCoverage="0" isConstructor="false" isStatic="true" isGetter="false" isSetter="true">
              <Summary numSequencePoints="3" visitedSequencePoints="0" numBranchPoints="1" visitedBranchPoints="0" sequenceCoverage="0" branchCoverage="0" maxCyclomaticComplexity="1" minCyclomaticComplexity="1" visitedClasses="0" numClasses="0" visitedMethods="0" numMethods="1" />
              <MetadataToken>100663448</MetadataToken>
              <Name>System.Void MediaShopWpfUi.Properties.Resources::set_Culture(System.Globalization.CultureInfo)</Name>
              <FileRef uid="64" />
              <SequencePoints>
                <SequencePoint vc="0" uspid="1719" ordinal="0" offset="0" sl="66" sc="13" el="66" ec="14" bec="0" bev="0" fileid="64" />
                <SequencePoint vc="0" uspid="1720" ordinal="1" offset="1" sl="67" sc="17" el="67" ec="41" bec="0" bev="0" fileid="64" />
                <SequencePoint vc="0" uspid="1721" ordinal="2" offset="7" sl="68" sc="13" el="68" ec="14" bec="0" bev="0" fileid="64" />
              </SequencePoints>
              <BranchPoints />
              <MethodPoint xsi:type="SequencePoint" vc="0" uspid="1719" ordinal="0" offset="0" sl="66" sc="13" el="66" ec="14" bec="0" bev="0" fileid="64" />
            </Method>
            <Method visited="false" cyclomaticComplexity="1" sequenceCoverage="0" branchCoverage="0" isConstructor="true" isStatic="false" isGetter="false" isSetter="false">
              <Summary numSequencePoints="3" visitedSequencePoints="0" numBranchPoints="1" visitedBranchPoints="0" sequenceCoverage="0" branchCoverage="0" maxCyclomaticComplexity="1" minCyclomaticComplexity="1" visitedClasses="0" numClasses="0" visitedMethods="0" numMethods="1" />
              <MetadataToken>100663445</MetadataToken>
              <Name>System.Void MediaShopWpfUi.Properties.Resources::.ctor()</Name>
              <FileRef uid="64" />
              <SequencePoints>
                <SequencePoint vc="0" uspid="1722" ordinal="0" offset="0" sl="32" sc="9" el="33" ec="29" bec="0" bev="0" fileid="64" />
                <SequencePoint vc="0" uspid="1723" ordinal="1" offset="7" sl="34" sc="9" el="34" ec="10" bec="0" bev="0" fileid="64" />
                <SequencePoint vc="0" uspid="1724" ordinal="2" offset="8" sl="35" sc="9" el="35" ec="10" bec="0" bev="0" fileid="64" />
              </SequencePoints>
              <BranchPoints />
              <MethodPoint xsi:type="SequencePoint" vc="0" uspid="1722" ordinal="0" offset="0" sl="32" sc="9" el="33" ec="29" bec="0" bev="0" fileid="64" />
            </Method>
          </Methods>
        </Class>
        <Class>
          <Summary numSequencePoints="4" visitedSequencePoints="0" numBranchPoints="2" visitedBranchPoints="0" sequenceCoverage="0" branchCoverage="0" maxCyclomaticComplexity="1" minCyclomaticComplexity="1" visitedClasses="0" numClasses="1" visitedMethods="0" numMethods="2" />
          <FullName>MediaShopWpfUi.Properties.Settings</FullName>
          <Methods>
            <Method visited="false" cyclomaticComplexity="1" sequenceCoverage="0" branchCoverage="0" isConstructor="false" isStatic="true" isGetter="true" isSetter="false">
              <Summary numSequencePoints="3" visitedSequencePoints="0" numBranchPoints="1" visitedBranchPoints="0" sequenceCoverage="0" branchCoverage="0" maxCyclomaticComplexity="1" minCyclomaticComplexity="1" visitedClasses="0" numClasses="0" visitedMethods="0" numMethods="1" />
              <MetadataToken>100663449</MetadataToken>
              <Name>MediaShopWpfUi.Properties.Settings MediaShopWpfUi.Properties.Settings::get_Default()</Name>
              <FileRef uid="65" />
              <SequencePoints>
                <SequencePoint vc="0" uspid="1725" ordinal="0" offset="0" sl="25" sc="13" el="25" ec="14" bec="0" bev="0" fileid="65" />
                <SequencePoint vc="0" uspid="1726" ordinal="1" offset="1" sl="26" sc="17" el="26" ec="40" bec="0" bev="0" fileid="65" />
                <SequencePoint vc="0" uspid="1727" ordinal="2" offset="9" sl="27" sc="13" el="27" ec="14" bec="0" bev="0" fileid="65" />
              </SequencePoints>
              <BranchPoints />
              <MethodPoint xsi:type="SequencePoint" vc="0" uspid="1725" ordinal="0" offset="0" sl="25" sc="13" el="25" ec="14" bec="0" bev="0" fileid="65" />
            </Method>
            <Method visited="false" cyclomaticComplexity="1" sequenceCoverage="0" branchCoverage="0" isConstructor="true" isStatic="false" isGetter="false" isSetter="false">
              <Summary numSequencePoints="0" visitedSequencePoints="0" numBranchPoints="0" visitedBranchPoints="0" sequenceCoverage="0" branchCoverage="0" maxCyclomaticComplexity="1" minCyclomaticComplexity="1" visitedClasses="0" numClasses="0" visitedMethods="0" numMethods="0" />
              <MetadataToken>100663450</MetadataToken>
              <Name>System.Void MediaShopWpfUi.Properties.Settings::.ctor()</Name>
              <SequencePoints />
              <BranchPoints />
              <MethodPoint vc="0" uspid="1728" ordinal="0" offset="0" />
            </Method>
            <Method visited="false" cyclomaticComplexity="1" sequenceCoverage="0" branchCoverage="0" isConstructor="true" isStatic="true" isGetter="false" isSetter="false">
              <Summary numSequencePoints="1" visitedSequencePoints="0" numBranchPoints="1" visitedBranchPoints="0" sequenceCoverage="0" branchCoverage="0" maxCyclomaticComplexity="1" minCyclomaticComplexity="1" visitedClasses="0" numClasses="0" visitedMethods="0" numMethods="1" />
              <MetadataToken>100663451</MetadataToken>
              <Name>System.Void MediaShopWpfUi.Properties.Settings::.cctor()</Name>
              <FileRef uid="65" />
              <SequencePoints>
                <SequencePoint vc="0" uspid="1729" ordinal="0" offset="0" sl="20" sc="9" el="20" ec="147" bec="0" bev="0" fileid="65" />
              </SequencePoints>
              <BranchPoints />
              <MethodPoint xsi:type="SequencePoint" vc="0" uspid="1729" ordinal="0" offset="0" sl="20" sc="9" el="20" ec="147" bec="0" bev="0" fileid="65" />
            </Method>
          </Methods>
        </Class>
      </Classes>
    </Module>
    <Module skippedDueTo="MissingPdb" hash="B9-69-11-C8-A4-81-5A-00-72-41-00-A0-E3-CB-AD-31-A0-41-4D-47">
      <FullName>C:\Windows\Microsoft.Net\assembly\GAC_MSIL\PresentationFramework\v4.0_4.0.0.0__31bf3856ad364e35\PresentationFramework.dll</FullName>
      <ModuleName>PresentationFramework</ModuleName>
      <Classes />
    </Module>
    <Module skippedDueTo="Filter" hash="08-41-DA-E2-43-A7-82-F6-25-42-6E-12-6B-26-DC-48-3F-BE-AD-DE">
      <FullName>C:\Windows\Microsoft.Net\assembly\GAC_MSIL\System.Xaml\v4.0_4.0.0.0__b77a5c561934e089\System.Xaml.dll</FullName>
      <ModuleName>System.Xaml</ModuleName>
      <Classes />
    </Module>
    <Module skippedDueTo="MissingPdb" hash="65-84-09-3F-3D-4A-20-11-0F-F8-41-12-52-55-82-3D-5F-C7-91-15">
      <FullName>C:\Windows\assembly\GAC_MSIL\Microsoft.VisualStudio.QualityTools.AgentProcessManager\12.0.0.0__b03f5f7f11d50a3a\Microsoft.VisualStudio.QualityTools.AgentProcessManager.dll</FullName>
      <ModuleName>Microsoft.VisualStudio.QualityTools.AgentProcessManager</ModuleName>
      <Classes />
    </Module>
    <Module skippedDueTo="MissingPdb" hash="BF-6C-85-48-0A-74-60-89-2C-DB-0A-4D-BF-E3-85-68-0D-08-CD-10">
      <FullName>C:\Windows\assembly\GAC_MSIL\Microsoft.VisualStudio.QualityTools.DataCollectionAgentObject\12.0.0.0__b03f5f7f11d50a3a\Microsoft.VisualStudio.QualityTools.DataCollectionAgentObject.dll</FullName>
      <ModuleName>Microsoft.VisualStudio.QualityTools.DataCollectionAgentObject</ModuleName>
      <Classes />
    </Module>
    <Module skippedDueTo="MissingPdb" hash="C2-C1-8F-47-58-BB-5C-12-6A-16-A6-86-AB-70-8D-11-49-3A-AA-64">
      <FullName>C:\Windows\assembly\GAC_MSIL\Microsoft.VisualStudio.QualityTools.AgentObject\12.0.0.0__b03f5f7f11d50a3a\Microsoft.VisualStudio.QualityTools.AgentObject.dll</FullName>
      <ModuleName>Microsoft.VisualStudio.QualityTools.AgentObject</ModuleName>
      <Classes />
    </Module>
    <Module skippedDueTo="MissingPdb" hash="5D-4B-76-CA-B8-70-4D-26-A3-95-E9-EB-A9-4B-C4-42-8D-66-57-63">
      <FullName>C:\Windows\assembly\GAC_MSIL\Microsoft.VisualStudio.QualityTools.Tips.UnitTest.Adapter\12.0.0.0__b03f5f7f11d50a3a\Microsoft.VisualStudio.QualityTools.Tips.UnitTest.Adapter.dll</FullName>
      <ModuleName>Microsoft.VisualStudio.QualityTools.Tips.UnitTest.Adapter</ModuleName>
      <Classes />
    </Module>
    <Module skippedDueTo="MissingPdb" hash="DC-BB-C1-4C-4A-D0-77-C4-51-72-1D-4B-6E-68-F2-31-AA-61-44-D3">
      <FullName>C:\Program Files (x86)\Microsoft Visual Studio 12.0\Common7\IDE\PrivateAssemblies\DataCollectors\Microsoft.VisualStudio.PerformanceTools.DataCollection.dll</FullName>
      <ModuleName>Microsoft.VisualStudio.PerformanceTools.DataCollection</ModuleName>
      <Classes />
    </Module>
    <Module skippedDueTo="MissingPdb" hash="CC-AD-CE-97-BB-09-2E-35-3A-97-80-5F-28-9B-D3-1D-A6-28-CC-2D">
      <FullName>C:\Program Files (x86)\Microsoft Visual Studio 12.0\Common7\IDE\PrivateAssemblies\DataCollectors\Microsoft.VisualStudio.PerformanceTools.DataCollection.Editor.dll</FullName>
      <ModuleName>Microsoft.VisualStudio.PerformanceTools.DataCollection.Editor</ModuleName>
      <Classes />
    </Module>
    <Module skippedDueTo="Filter" hash="8F-62-B4-14-21-CF-C8-F6-52-4B-B9-60-24-2C-44-65-02-24-EC-5A">
      <FullName>C:\Windows\Microsoft.Net\assembly\GAC_MSIL\System.Windows.Forms\v4.0_4.0.0.0__b77a5c561934e089\System.Windows.Forms.dll</FullName>
      <ModuleName>System.Windows.Forms</ModuleName>
      <Classes />
    </Module>
    <Module skippedDueTo="MissingPdb" hash="">
      <FullName>RefEmit_InMemoryManifestModule</FullName>
      <ModuleName>Anonymously Hosted DynamicMethods Assembly</ModuleName>
      <Classes />
    </Module>
    <Module skippedDueTo="Filter" hash="01-51-20-E0-0E-42-28-87-DB-68-07-64-21-3F-DF-47-B4-77-2B-D6">
      <FullName>C:\Windows\Microsoft.Net\assembly\GAC_MSIL\System.Drawing\v4.0_4.0.0.0__b03f5f7f11d50a3a\System.Drawing.dll</FullName>
      <ModuleName>System.Drawing</ModuleName>
      <Classes />
    </Module>
    <Module skippedDueTo="MissingPdb" hash="95-F5-F0-2B-4A-8F-27-1C-6E-72-F8-87-27-0D-53-FB-B2-6C-9E-79">
      <FullName>C:\Program Files (x86)\Microsoft Visual Studio 12.0\Common7\IDE\PrivateAssemblies\DataCollectors\VSPerfControl.Interop.dll</FullName>
      <ModuleName>VSPerfControl.Interop</ModuleName>
      <Classes />
    </Module>
    <Module skippedDueTo="MissingPdb" hash="4C-C8-46-ED-D6-9A-AC-12-E1-88-9C-10-62-C2-5E-B3-0B-57-11-4F">
      <FullName>C:\Program Files (x86)\Microsoft Visual Studio 12.0\Common7\IDE\EntityFramework.SqlServer.dll</FullName>
      <ModuleName>EntityFramework.SqlServer</ModuleName>
      <Classes />
    </Module>
  </Modules>
</CoverageSession>